#
# There is insufficient memory for the Java Runtime Environment to continue.
# Native memory allocation (malloc) failed to allocate 1017120 bytes for Chunk::new
# Possible reasons:
#   The system is out of physical RAM or swap space
#   The process is running with CompressedOops enabled, and the Java Heap may be blocking the growth of the native heap
# Possible solutions:
#   Reduce memory load on the system
#   Increase physical memory or swap space
#   Check if swap backing store is full
#   Decrease Java heap size (-Xmx/-Xms)
#   Decrease number of Java threads
#   Decrease Java thread stack sizes (-Xss)
#   Set larger code cache with -XX:ReservedCodeCacheSize=
#   JVM is running with Unscaled Compressed Oops mode in which the Java heap is
#     placed in the first 4GB address space. The Java Heap base address is the
#     maximum limit for the native heap growth. Please use -XX:HeapBaseMinAddress
#     to set the Java Heap base and to place the Java Heap above 4GB virtual address.
# This output file may be truncated or incomplete.
#
#  Out of Memory Error (arena.cpp:184), pid=26700, tid=16772
#
# JRE version: OpenJDK Runtime Environment (19.0.1+10) (build 19.0.1+10-21)
# Java VM: OpenJDK 64-Bit Server VM (19.0.1+10-21, mixed mode, sharing, tiered, compressed oops, compressed class ptrs, g1 gc, windows-amd64)
# No core dump will be written. Minidumps are not enabled by default on client versions of Windows
#

---------------  S U M M A R Y ------------

Command Line: -javaagent:C:\Program Files\JetBrains\IntelliJ IDEA Community Edition 2022.2.3\lib\idea_rt.jar=60737:C:\Program Files\JetBrains\IntelliJ IDEA Community Edition 2022.2.3\bin -Dfile.encoding=UTF-8 -Dsun.stdout.encoding=UTF-8 -Dsun.stderr.encoding=UTF-8 com.upthemuscle.GymManagementApplication

Host: AMD Ryzen 5 3450U with Radeon Vega Mobile Gfx  , 8 cores, 5G,  Windows 10 , 64 bit Build 19041 (10.0.19041.2251)
Time: Mon Dec 12 12:16:22 2022 Hora est. Pacífico, Sudamérica elapsed time: 35.717816 seconds (0d 0h 0m 35s)

---------------  T H R E A D  ---------------

Current thread (0x00000262a24284f0):  JavaThread "C2 CompilerThread0" daemon [_thread_in_native, id=16772, stack(0x000000734f600000,0x000000734f700000)]


Current CompileTask:
C2:  35718 6887       4       org.springframework.core.ResolvableType::resolveType (151 bytes)

Stack: [0x000000734f600000,0x000000734f700000]
Native frames: (J=compiled Java code, j=interpreted, Vv=VM code, C=native code)
V  [jvm.dll+0x6ee8fa]
V  [jvm.dll+0x857a1e]
V  [jvm.dll+0x85940e]
V  [jvm.dll+0x859ac3]
V  [jvm.dll+0x28291f]
V  [jvm.dll+0xc9b5f]
V  [jvm.dll+0xc9ee5]
V  [jvm.dll+0x3bcbac]
V  [jvm.dll+0x1ee31a]
V  [jvm.dll+0x24c41b]
V  [jvm.dll+0x24b671]
V  [jvm.dll+0x1d6d61]
V  [jvm.dll+0x25b0fa]
V  [jvm.dll+0x259588]
V  [jvm.dll+0x807928]
V  [jvm.dll+0x8015fa]
V  [jvm.dll+0x6ed5eb]
C  [ucrtbase.dll+0x21bb2]
C  [KERNEL32.DLL+0x174b4]
C  [ntdll.dll+0x526a1]


---------------  P R O C E S S  ---------------

Threads class SMR info:
_java_thread_list=0x00000262a9c1f900, length=32, elements={
0x0000026284f82ec0, 0x00000262a2420b60, 0x00000262a2421560, 0x00000262a24238a0,
0x00000262a2427200, 0x00000262a2427740, 0x00000262a2427c80, 0x00000262a24284f0,
0x00000262a2429a80, 0x00000262a6810060, 0x00000262a23f2130, 0x00000262a6a630b0,
0x00000262a6a635f0, 0x00000262a6fb9480, 0x00000262a710a080, 0x00000262a7c19050,
0x00000262a7c1a040, 0x00000262a8a8b5b0, 0x00000262a8a870a0, 0x00000262a8a8ab10,
0x00000262a8a89b20, 0x00000262a8a8a5c0, 0x00000262a8a8bb00, 0x00000262a8a8b060,
0x00000262a8a87b40, 0x00000262a8a85b60, 0x00000262a8a88b30, 0x00000262a8a8c050,
0x00000262a8a89080, 0x00000262a8a8c5a0, 0x00000262a8a85610, 0x00000262a8a84b70
}

Java Threads: ( => current thread )
  0x0000026284f82ec0 JavaThread "main" [_thread_blocked, id=25764, stack(0x000000734e900000,0x000000734ea00000)]
  0x00000262a2420b60 JavaThread "Reference Handler" daemon [_thread_blocked, id=22880, stack(0x000000734f000000,0x000000734f100000)]
  0x00000262a2421560 JavaThread "Finalizer" daemon [_thread_blocked, id=16684, stack(0x000000734f100000,0x000000734f200000)]
  0x00000262a24238a0 JavaThread "Signal Dispatcher" daemon [_thread_blocked, id=26908, stack(0x000000734f200000,0x000000734f300000)]
  0x00000262a2427200 JavaThread "Attach Listener" daemon [_thread_blocked, id=9704, stack(0x000000734f300000,0x000000734f400000)]
  0x00000262a2427740 JavaThread "Service Thread" daemon [_thread_blocked, id=2296, stack(0x000000734f400000,0x000000734f500000)]
  0x00000262a2427c80 JavaThread "Monitor Deflation Thread" daemon [_thread_blocked, id=19428, stack(0x000000734f500000,0x000000734f600000)]
=>0x00000262a24284f0 JavaThread "C2 CompilerThread0" daemon [_thread_in_native, id=16772, stack(0x000000734f600000,0x000000734f700000)]
  0x00000262a2429a80 JavaThread "C1 CompilerThread0" daemon [_thread_blocked, id=6700, stack(0x000000734f700000,0x000000734f800000)]
  0x00000262a6810060 JavaThread "Sweeper thread" daemon [_thread_blocked, id=28588, stack(0x000000734f800000,0x000000734f900000)]
  0x00000262a23f2130 JavaThread "Common-Cleaner" daemon [_thread_blocked, id=11796, stack(0x000000734f900000,0x000000734fa00000)]
  0x00000262a6a630b0 JavaThread "Monitor Ctrl-Break" daemon [_thread_in_native, id=25532, stack(0x000000734fa00000,0x000000734fb00000)]
  0x00000262a6a635f0 JavaThread "Notification Thread" daemon [_thread_blocked, id=13448, stack(0x000000734fb00000,0x000000734fc00000)]
  0x00000262a6fb9480 JavaThread "Thread-0" [_thread_blocked, id=3332, stack(0x000000734fd00000,0x000000734fe00000)]
  0x00000262a710a080 JavaThread "restartedMain" [_thread_in_vm, id=20500, stack(0x000000734fe00000,0x000000734ff00000)]
  0x00000262a7c19050 JavaThread "mysql-cj-abandoned-connection-cleanup" daemon [_thread_blocked, id=24060, stack(0x0000007350800000,0x0000007350900000)]
  0x00000262a7c1a040 JavaThread "HikariPool-1 housekeeper" daemon [_thread_blocked, id=8748, stack(0x0000007350a00000,0x0000007350b00000)]
  0x00000262a8a8b5b0 JavaThread "Catalina-utility-1" [_thread_blocked, id=8876, stack(0x0000007350b00000,0x0000007350c00000)]
  0x00000262a8a870a0 JavaThread "Catalina-utility-2" [_thread_blocked, id=28556, stack(0x0000007350c00000,0x0000007350d00000)]
  0x00000262a8a8ab10 JavaThread "container-0" [_thread_blocked, id=21620, stack(0x0000007350d00000,0x0000007350e00000)]
  0x00000262a8a89b20 JavaThread "Jndi-Dns-address-change-listener" daemon [_thread_in_native, id=19824, stack(0x0000007350e00000,0x0000007350f00000)]
  0x00000262a8a8a5c0 JavaThread "BufferPoolPruner-1-thread-1" daemon [_thread_blocked, id=18332, stack(0x0000007350f00000,0x0000007351000000)]
  0x00000262a8a8bb00 JavaThread "cluster-ClusterId{value='639761e3bcbb4c6e2d99ac5e', description='null'}-srv-photo.bpfnueb.mongodb.net" daemon [_thread_blocked, id=16260, stack(0x0000007351000000,0x0000007351100000)]
  0x00000262a8a8b060 JavaThread "cluster-ClusterId{value='639761e3bcbb4c6e2d99ac5e', description='null'}-ac-ccewltr-shard-00-02.bpfnueb.mongodb.net:27017" daemon [_thread_in_native, id=616, stack(0x0000007351100000,0x0000007351200000)]
  0x00000262a8a87b40 JavaThread "cluster-rtt-ClusterId{value='639761e3bcbb4c6e2d99ac5e', description='null'}-ac-ccewltr-shard-00-02.bpfnueb.mongodb.net:27017" daemon [_thread_blocked, id=18168, stack(0x0000007351200000,0x0000007351300000)]
  0x00000262a8a85b60 JavaThread "cluster-ClusterId{value='639761e3bcbb4c6e2d99ac5e', description='null'}-ac-ccewltr-shard-00-01.bpfnueb.mongodb.net:27017" daemon [_thread_in_native, id=27228, stack(0x0000007351300000,0x0000007351400000)]
  0x00000262a8a88b30 JavaThread "cluster-rtt-ClusterId{value='639761e3bcbb4c6e2d99ac5e', description='null'}-ac-ccewltr-shard-00-01.bpfnueb.mongodb.net:27017" daemon [_thread_blocked, id=15048, stack(0x0000007351400000,0x0000007351500000)]
  0x00000262a8a8c050 JavaThread "cluster-ClusterId{value='639761e3bcbb4c6e2d99ac5e', description='null'}-ac-ccewltr-shard-00-00.bpfnueb.mongodb.net:27017" daemon [_thread_in_native, id=6940, stack(0x0000007351500000,0x0000007351600000)]
  0x00000262a8a89080 JavaThread "cluster-rtt-ClusterId{value='639761e3bcbb4c6e2d99ac5e', description='null'}-ac-ccewltr-shard-00-00.bpfnueb.mongodb.net:27017" daemon [_thread_blocked, id=15424, stack(0x0000007351600000,0x0000007351700000)]
  0x00000262a8a8c5a0 JavaThread "MaintenanceTimer-3-thread-1" daemon [_thread_blocked, id=11800, stack(0x0000007351700000,0x0000007351800000)]
  0x00000262a8a85610 JavaThread "MaintenanceTimer-4-thread-1" daemon [_thread_blocked, id=20920, stack(0x0000007351800000,0x0000007351900000)]
  0x00000262a8a84b70 JavaThread "MaintenanceTimer-2-thread-1" daemon [_thread_blocked, id=24052, stack(0x0000007351900000,0x0000007351a00000)]

Other Threads:
  0x00000262a2409140 VMThread "VM Thread" [stack: 0x000000734ef00000,0x000000734f000000] [id=23276]
  0x00000262a6bf6e70 WatcherThread "VM Periodic Task Thread" [stack: 0x000000734fc00000,0x000000734fd00000] [id=20548]
  0x0000026284fd3890 WorkerThread "GC Thread#0" [stack: 0x000000734ea00000,0x000000734eb00000] [id=1528]
  0x00000262a702f980 WorkerThread "GC Thread#1" [stack: 0x000000734ff00000,0x0000007350000000] [id=17532]
  0x00000262a702fc50 WorkerThread "GC Thread#2" [stack: 0x0000007350000000,0x0000007350100000] [id=25216]
  0x00000262a74ece20 WorkerThread "GC Thread#3" [stack: 0x0000007350100000,0x0000007350200000] [id=27096]
  0x00000262a74eea40 WorkerThread "GC Thread#4" [stack: 0x0000007350200000,0x0000007350300000] [id=21596]
  0x00000262a74ee770 WorkerThread "GC Thread#5" [stack: 0x0000007350300000,0x0000007350400000] [id=21528]
  0x00000262a74ed0f0 WorkerThread "GC Thread#6" [stack: 0x0000007350400000,0x0000007350500000] [id=3316]
  0x00000262a74ed3c0 WorkerThread "GC Thread#7" [stack: 0x0000007350500000,0x0000007350600000] [id=1148]
  0x0000026284fe0470 ConcurrentGCThread "G1 Main Marker" [stack: 0x000000734eb00000,0x000000734ec00000] [id=24672]
  0x0000026284fe18b0 WorkerThread "G1 Conc#0" [stack: 0x000000734ec00000,0x000000734ed00000] [id=24096]
  0x00000262a74edf00 WorkerThread "G1 Conc#1" [stack: 0x0000007350600000,0x0000007350700000] [id=16960]
  0x00000262a22c24b0 ConcurrentGCThread "G1 Refine#0" [stack: 0x000000734ed00000,0x000000734ee00000] [id=22780]
  0x000002628503aad0 ConcurrentGCThread "G1 Service" [stack: 0x000000734ee00000,0x000000734ef00000] [id=10088]

Threads with active compile tasks:
C2 CompilerThread0    35807 6887       4       org.springframework.core.ResolvableType::resolveType (151 bytes)

VM state: not at safepoint (normal execution)

VM Mutex/Monitor currently owned by a thread:  ([mutex/lock_event])
[0x0000026284f7f260] CodeCache_lock - owner thread: 0x0000000000000000
[0x0000026284f7eb10] Compile_lock - owner thread: 0x00000262a710a080

Heap address: 0x00000000a1c00000, size: 1508 MB, Compressed Oops mode: 32-bit

CDS archive(s) mapped at: [0x0000000800000000-0x0000000800c30000-0x0000000800c30000), size 12779520, SharedBaseAddress: 0x0000000800000000, ArchiveRelocationMode: 0.
Compressed class space mapped at: 0x0000000801000000-0x0000000841000000, reserved size: 1073741824
Narrow klass base: 0x0000000800000000, Narrow klass shift: 0, Narrow klass range: 0x100000000

GC Precious Log:
 CardTable entry size: 512
 Card Set container configuration: InlinePtr #cards 5 size 8 Array Of Cards #cards 12 size 40 Howl #buckets 4 coarsen threshold 1843 Howl Bitmap #cards 512 size 80 coarsen threshold 460 Card regions per heap region 1 cards per card region 2048
 CPUs: 8 total, 8 available
 Memory: 6030M
 Large Page Support: Disabled
 NUMA Support: Disabled
 Compressed Oops: Enabled (32-bit)
 Heap Region Size: 1M
 Heap Min Capacity: 8M
 Heap Initial Capacity: 96M
 Heap Max Capacity: 1508M
 Pre-touch: Disabled
 Parallel Workers: 8
 Concurrent Workers: 2
 Concurrent Refinement Workers: 8
 Periodic GC: Disabled

Heap:
 garbage-first heap   total 63488K, used 35566K [0x00000000a1c00000, 0x0000000100000000)
  region size 1024K, 5 young (5120K), 2 survivors (2048K)
 Metaspace       used 66436K, committed 66944K, reserved 1114112K
  class space    used 8484K, committed 8704K, reserved 1048576K

Heap Regions: E=young(eden), S=young(survivor), O=old, HS=humongous(starts), HC=humongous(continues), CS=collection set, F=free, OA=open archive, CA=closed archive, TAMS=top-at-mark-start (previous, next)
|   0|0x00000000a1c00000, 0x00000000a1d00000, 0x00000000a1d00000|100%|HS|  |TAMS 0x00000000a1d00000, 0x00000000a1c00000| Complete 
|   1|0x00000000a1d00000, 0x00000000a1e00000, 0x00000000a1e00000|100%| O|  |TAMS 0x00000000a1e00000, 0x00000000a1d00000| Untracked 
|   2|0x00000000a1e00000, 0x00000000a1f00000, 0x00000000a1f00000|100%| O|  |TAMS 0x00000000a1f00000, 0x00000000a1e00000| Untracked 
|   3|0x00000000a1f00000, 0x00000000a2000000, 0x00000000a2000000|100%| O|  |TAMS 0x00000000a2000000, 0x00000000a1f00000| Untracked 
|   4|0x00000000a2000000, 0x00000000a2100000, 0x00000000a2100000|100%| O|  |TAMS 0x00000000a2100000, 0x00000000a2000000| Untracked 
|   5|0x00000000a2100000, 0x00000000a2200000, 0x00000000a2200000|100%| O|  |TAMS 0x00000000a2200000, 0x00000000a2100000| Untracked 
|   6|0x00000000a2200000, 0x00000000a2300000, 0x00000000a2300000|100%| O|  |TAMS 0x00000000a2300000, 0x00000000a2200000| Untracked 
|   7|0x00000000a2300000, 0x00000000a2400000, 0x00000000a2400000|100%| O|  |TAMS 0x00000000a2400000, 0x00000000a2300000| Untracked 
|   8|0x00000000a2400000, 0x00000000a2400000, 0x00000000a2500000|  0%| F|  |TAMS 0x00000000a2400000, 0x00000000a2400000| Untracked 
|   9|0x00000000a2500000, 0x00000000a2600000, 0x00000000a2600000|100%| O|  |TAMS 0x00000000a2500000, 0x00000000a2500000| Untracked 
|  10|0x00000000a2600000, 0x00000000a2700000, 0x00000000a2700000|100%| O|  |TAMS 0x00000000a2700000, 0x00000000a2600000| Untracked 
|  11|0x00000000a2700000, 0x00000000a2800000, 0x00000000a2800000|100%| O|  |TAMS 0x00000000a2800000, 0x00000000a2700000| Untracked 
|  12|0x00000000a2800000, 0x00000000a2900000, 0x00000000a2900000|100%| O|  |TAMS 0x00000000a2900000, 0x00000000a2800000| Untracked 
|  13|0x00000000a2900000, 0x00000000a2a00000, 0x00000000a2a00000|100%| O|  |TAMS 0x00000000a2a00000, 0x00000000a2900000| Untracked 
|  14|0x00000000a2a00000, 0x00000000a2b00000, 0x00000000a2b00000|100%| O|  |TAMS 0x00000000a2b00000, 0x00000000a2a00000| Untracked 
|  15|0x00000000a2b00000, 0x00000000a2c00000, 0x00000000a2c00000|100%| O|  |TAMS 0x00000000a2c00000, 0x00000000a2b00000| Untracked 
|  16|0x00000000a2c00000, 0x00000000a2d00000, 0x00000000a2d00000|100%| O|  |TAMS 0x00000000a2d00000, 0x00000000a2c00000| Untracked 
|  17|0x00000000a2d00000, 0x00000000a2e00000, 0x00000000a2e00000|100%| O|  |TAMS 0x00000000a2e00000, 0x00000000a2d00000| Untracked 
|  18|0x00000000a2e00000, 0x00000000a2f00000, 0x00000000a2f00000|100%| O|  |TAMS 0x00000000a2f00000, 0x00000000a2e00000| Untracked 
|  19|0x00000000a2f00000, 0x00000000a3000000, 0x00000000a3000000|100%| O|  |TAMS 0x00000000a3000000, 0x00000000a2f00000| Untracked 
|  20|0x00000000a3000000, 0x00000000a3100000, 0x00000000a3100000|100%| O|  |TAMS 0x00000000a3100000, 0x00000000a3000000| Untracked 
|  21|0x00000000a3100000, 0x00000000a3200000, 0x00000000a3200000|100%| O|  |TAMS 0x00000000a3200000, 0x00000000a3100000| Untracked 
|  22|0x00000000a3200000, 0x00000000a3300000, 0x00000000a3300000|100%| O|  |TAMS 0x00000000a3300000, 0x00000000a3200000| Untracked 
|  23|0x00000000a3300000, 0x00000000a3400000, 0x00000000a3400000|100%| O|  |TAMS 0x00000000a3400000, 0x00000000a3300000| Untracked 
|  24|0x00000000a3400000, 0x00000000a3500000, 0x00000000a3500000|100%| O|  |TAMS 0x00000000a3500000, 0x00000000a3400000| Untracked 
|  25|0x00000000a3500000, 0x00000000a3600000, 0x00000000a3600000|100%| O|  |TAMS 0x00000000a3600000, 0x00000000a3500000| Untracked 
|  26|0x00000000a3600000, 0x00000000a3700000, 0x00000000a3700000|100%| O|  |TAMS 0x00000000a3700000, 0x00000000a3600000| Untracked 
|  27|0x00000000a3700000, 0x00000000a3800000, 0x00000000a3800000|100%| O|  |TAMS 0x00000000a3800000, 0x00000000a3700000| Untracked 
|  28|0x00000000a3800000, 0x00000000a3900000, 0x00000000a3900000|100%| O|  |TAMS 0x00000000a3900000, 0x00000000a3800000| Untracked 
|  29|0x00000000a3900000, 0x00000000a3a00000, 0x00000000a3a00000|100%| O|  |TAMS 0x00000000a3a00000, 0x00000000a3900000| Untracked 
|  30|0x00000000a3a00000, 0x00000000a3b00000, 0x00000000a3b00000|100%| O|  |TAMS 0x00000000a3aa3c00, 0x00000000a3a00000| Untracked 
|  31|0x00000000a3b00000, 0x00000000a3c00000, 0x00000000a3c00000|100%| O|  |TAMS 0x00000000a3b00000, 0x00000000a3b00000| Untracked 
|  32|0x00000000a3c00000, 0x00000000a3c31600, 0x00000000a3d00000| 19%| O|  |TAMS 0x00000000a3c00000, 0x00000000a3c00000| Untracked 
|  33|0x00000000a3d00000, 0x00000000a3d00000, 0x00000000a3e00000|  0%| F|  |TAMS 0x00000000a3d00000, 0x00000000a3d00000| Untracked 
|  34|0x00000000a3e00000, 0x00000000a3e00000, 0x00000000a3f00000|  0%| F|  |TAMS 0x00000000a3e00000, 0x00000000a3e00000| Untracked 
|  35|0x00000000a3f00000, 0x00000000a3f00000, 0x00000000a4000000|  0%| F|  |TAMS 0x00000000a3f00000, 0x00000000a3f00000| Untracked 
|  36|0x00000000a4000000, 0x00000000a4000000, 0x00000000a4100000|  0%| F|  |TAMS 0x00000000a4000000, 0x00000000a4000000| Untracked 
|  37|0x00000000a4100000, 0x00000000a4100000, 0x00000000a4200000|  0%| F|  |TAMS 0x00000000a4100000, 0x00000000a4100000| Untracked 
|  38|0x00000000a4200000, 0x00000000a4200000, 0x00000000a4300000|  0%| F|  |TAMS 0x00000000a4200000, 0x00000000a4200000| Untracked 
|  39|0x00000000a4300000, 0x00000000a4300000, 0x00000000a4400000|  0%| F|  |TAMS 0x00000000a4300000, 0x00000000a4300000| Untracked 
|  40|0x00000000a4400000, 0x00000000a4400000, 0x00000000a4500000|  0%| F|  |TAMS 0x00000000a4400000, 0x00000000a4400000| Untracked 
|  41|0x00000000a4500000, 0x00000000a4500000, 0x00000000a4600000|  0%| F|  |TAMS 0x00000000a4500000, 0x00000000a4500000| Untracked 
|  42|0x00000000a4600000, 0x00000000a468a3b8, 0x00000000a4700000| 53%| S|CS|TAMS 0x00000000a4600000, 0x00000000a4600000| Complete 
|  43|0x00000000a4700000, 0x00000000a4800000, 0x00000000a4800000|100%| S|CS|TAMS 0x00000000a4700000, 0x00000000a4700000| Complete 
|  44|0x00000000a4800000, 0x00000000a4800000, 0x00000000a4900000|  0%| F|  |TAMS 0x00000000a4800000, 0x00000000a4800000| Untracked 
|  45|0x00000000a4900000, 0x00000000a4900000, 0x00000000a4a00000|  0%| F|  |TAMS 0x00000000a4900000, 0x00000000a4900000| Untracked 
|  46|0x00000000a4a00000, 0x00000000a4a00000, 0x00000000a4b00000|  0%| F|  |TAMS 0x00000000a4a00000, 0x00000000a4a00000| Untracked 
|  47|0x00000000a4b00000, 0x00000000a4b00000, 0x00000000a4c00000|  0%| F|  |TAMS 0x00000000a4b00000, 0x00000000a4b00000| Untracked 
|  48|0x00000000a4c00000, 0x00000000a4c00000, 0x00000000a4d00000|  0%| F|  |TAMS 0x00000000a4c00000, 0x00000000a4c00000| Untracked 
|  49|0x00000000a4d00000, 0x00000000a4d00000, 0x00000000a4e00000|  0%| F|  |TAMS 0x00000000a4d00000, 0x00000000a4d00000| Untracked 
|  50|0x00000000a4e00000, 0x00000000a4e00000, 0x00000000a4f00000|  0%| F|  |TAMS 0x00000000a4e00000, 0x00000000a4e00000| Untracked 
|  51|0x00000000a4f00000, 0x00000000a4f00000, 0x00000000a5000000|  0%| F|  |TAMS 0x00000000a4f00000, 0x00000000a4f00000| Untracked 
|  52|0x00000000a5000000, 0x00000000a5000000, 0x00000000a5100000|  0%| F|  |TAMS 0x00000000a5000000, 0x00000000a5000000| Untracked 
|  53|0x00000000a5100000, 0x00000000a5100000, 0x00000000a5200000|  0%| F|  |TAMS 0x00000000a5100000, 0x00000000a5100000| Untracked 
|  54|0x00000000a5200000, 0x00000000a5200000, 0x00000000a5300000|  0%| F|  |TAMS 0x00000000a5200000, 0x00000000a5200000| Untracked 
|  55|0x00000000a5300000, 0x00000000a5300000, 0x00000000a5400000|  0%| F|  |TAMS 0x00000000a5300000, 0x00000000a5300000| Untracked 
|  67|0x00000000a5f00000, 0x00000000a5f00000, 0x00000000a6000000|  0%| F|  |TAMS 0x00000000a5f00000, 0x00000000a5f00000| Untracked 
|  68|0x00000000a6000000, 0x00000000a6000000, 0x00000000a6100000|  0%| F|  |TAMS 0x00000000a6000000, 0x00000000a6000000| Untracked 
|  69|0x00000000a6100000, 0x00000000a6100000, 0x00000000a6200000|  0%| F|  |TAMS 0x00000000a6100000, 0x00000000a6100000| Untracked 
|  70|0x00000000a6200000, 0x00000000a62dd218, 0x00000000a6300000| 86%| E|  |TAMS 0x00000000a6200000, 0x00000000a6200000| Complete 
|  71|0x00000000a6300000, 0x00000000a6400000, 0x00000000a6400000|100%| E|CS|TAMS 0x00000000a6300000, 0x00000000a6300000| Complete 
|  95|0x00000000a7b00000, 0x00000000a7c00000, 0x00000000a7c00000|100%| E|CS|TAMS 0x00000000a7b00000, 0x00000000a7b00000| Complete 

Card table byte_map: [0x000002629c500000,0x000002629c800000] _byte_map_base: 0x000002629bff2000

Marking Bits (Prev, Next): (CMBitMap*) 0x0000026284fd3ec0, (CMBitMap*) 0x0000026284fd3f00
 Prev Bits: [0x000002629cb00000, 0x000002629e290000)
 Next Bits: [0x000002629e290000, 0x000002629fa20000)

Polling page: 0x0000026284740000

Metaspace:

Usage:
  Non-class:     56.61 MB used.
      Class:      8.29 MB used.
       Both:     64.90 MB used.

Virtual space:
  Non-class space:       64.00 MB reserved,      56.94 MB ( 89%) committed,  1 nodes.
      Class space:        1.00 GB reserved,       8.50 MB ( <1%) committed,  1 nodes.
             Both:        1.06 GB reserved,      65.44 MB (  6%) committed. 

Chunk freelists:
   Non-Class:  2.61 MB
       Class:  3.32 MB
        Both:  5.92 MB

MaxMetaspaceSize: unlimited
CompressedClassSpaceSize: 1.00 GB
Initial GC threshold: 21.00 MB
Current GC threshold: 104.31 MB
CDS: on
MetaspaceReclaimPolicy: balanced
 - commit_granule_bytes: 65536.
 - commit_granule_words: 8192.
 - virtual_space_node_default_size: 8388608.
 - enlarge_chunks_in_place: 1.
 - new_chunks_are_fully_committed: 0.
 - uncommit_free_chunks: 1.
 - use_allocation_guard: 0.


Internal statistics:

num_allocs_failed_limit: 6.
num_arena_births: 744.
num_arena_deaths: 6.
num_vsnodes_births: 2.
num_vsnodes_deaths: 0.
num_space_committed: 1047.
num_space_uncommitted: 0.
num_chunks_returned_to_freelist: 15.
num_chunks_taken_from_freelist: 2995.
num_chunk_merges: 8.
num_chunk_splits: 2148.
num_chunks_enlarged: 1718.
num_inconsistent_stats: 0.

CodeHeap 'non-profiled nmethods': size=120000Kb used=3036Kb max_used=3036Kb free=116963Kb
 bounds [0x00000262949a0000, 0x0000026294ca0000, 0x000002629bed0000]
CodeHeap 'profiled nmethods': size=120000Kb used=12552Kb max_used=12552Kb free=107447Kb
 bounds [0x000002628ced0000, 0x000002628db20000, 0x0000026294400000]
CodeHeap 'non-nmethods': size=5760Kb used=1427Kb max_used=1457Kb free=4332Kb
 bounds [0x0000026294400000, 0x0000026294670000, 0x00000262949a0000]
 total_blobs=6992 nmethods=6310 adapters=591
 compilation: enabled
              stopped_count=0, restarted_count=0
 full_count=0

Compilation events (20 events):
Event: 35.661 Thread 0x00000262a2429a80 7029       2       java.util.concurrent.ConcurrentHashMap$EntryIterator::<init> (12 bytes)
Event: 35.662 Thread 0x00000262a2429a80 nmethod 7029 0x000002628db0d690 code [0x000002628db0d840, 0x000002628db0d960]
Event: 35.662 Thread 0x00000262a2429a80 7030       2       springfox.documentation.spring.web.WebMvcObjectMapperConfigurer::postProcessBeforeInitialization (26 bytes)
Event: 35.663 Thread 0x00000262a2429a80 nmethod 7030 0x000002628db0da10 code [0x000002628db0dbe0, 0x000002628db0dde0]
Event: 35.663 Thread 0x00000262a2429a80 7031       2       org.springframework.boot.web.server.WebServerFactoryCustomizerBeanPostProcessor::postProcessBeforeInitialization (17 bytes)
Event: 35.665 Thread 0x00000262a2429a80 nmethod 7031 0x000002628db0df10 code [0x000002628db0e140, 0x000002628db0e7b0]
Event: 35.677 Thread 0x00000262a2429a80 7032       2       org.springframework.beans.factory.config.ConstructorArgumentValues::getArgumentCount (20 bytes)
Event: 35.677 Thread 0x00000262a2429a80 nmethod 7032 0x000002628db0eb90 code [0x000002628db0ed40, 0x000002628db0eeb0]
Event: 35.681 Thread 0x00000262a2429a80 7033       2       java.lang.invoke.InvokerBytecodeGenerator::emitReturn (107 bytes)
Event: 35.681 Thread 0x00000262a2429a80 nmethod 7033 0x000002628db0ef90 code [0x000002628db0f180, 0x000002628db0f410]
Event: 35.682 Thread 0x00000262a2429a80 7034       2       java.lang.invoke.InvokerBytecodeGenerator::methodPrologue (29 bytes)
Event: 35.683 Thread 0x00000262a2429a80 nmethod 7034 0x000002628db0f610 code [0x000002628db0f7c0, 0x000002628db0fa30]
Event: 35.699 Thread 0x00000262a2429a80 7036       2       org.springframework.beans.factory.config.DependencyDescriptor::resolveCandidate (8 bytes)
Event: 35.699 Thread 0x00000262a2429a80 nmethod 7036 0x000002628db0fb90 code [0x000002628db0fd40, 0x000002628db0fe60]
Event: 35.702 Thread 0x00000262a2429a80 7037       2       org.springframework.core.annotation.AnnotationAttributes::<init> (29 bytes)
Event: 35.703 Thread 0x00000262a2429a80 nmethod 7037 0x000002628db0ff10 code [0x000002628db100e0, 0x000002628db103b0]
Event: 35.703 Thread 0x00000262a2429a80 7038       2       java.util.Collections$UnmodifiableMap::entrySet (32 bytes)
Event: 35.704 Thread 0x00000262a2429a80 nmethod 7038 0x000002628db10510 code [0x000002628db106e0, 0x000002628db10a10]
Event: 35.708 Thread 0x00000262a2429a80 7039       2       org.springframework.beans.factory.config.DependencyDescriptor::<init> (8 bytes)
Event: 35.708 Thread 0x00000262a2429a80 nmethod 7039 0x000002628db10b90 code [0x000002628db10d40, 0x000002628db10e60]

GC Heap History (20 events):
Event: 29.643 GC heap before
{Heap before GC invocations=14 (full 0):
 garbage-first heap   total 55296K, used 42694K [0x00000000a1c00000, 0x0000000100000000)
  region size 1024K, 19 young (19456K), 1 survivors (1024K)
 Metaspace       used 50049K, committed 50496K, reserved 1114112K
  class space    used 6422K, committed 6656K, reserved 1048576K
}
Event: 29.648 GC heap after
{Heap after GC invocations=15 (full 0):
 garbage-first heap   total 55296K, used 25458K [0x00000000a1c00000, 0x0000000100000000)
  region size 1024K, 3 young (3072K), 3 survivors (3072K)
 Metaspace       used 50049K, committed 50496K, reserved 1114112K
  class space    used 6422K, committed 6656K, reserved 1048576K
}
Event: 30.342 GC heap before
{Heap before GC invocations=15 (full 0):
 garbage-first heap   total 55296K, used 41842K [0x00000000a1c00000, 0x0000000100000000)
  region size 1024K, 20 young (20480K), 3 survivors (3072K)
 Metaspace       used 51923K, committed 52416K, reserved 1114112K
  class space    used 6674K, committed 6912K, reserved 1048576K
}
Event: 30.348 GC heap after
{Heap after GC invocations=16 (full 0):
 garbage-first heap   total 55296K, used 26287K [0x00000000a1c00000, 0x0000000100000000)
  region size 1024K, 3 young (3072K), 3 survivors (3072K)
 Metaspace       used 51923K, committed 52416K, reserved 1114112K
  class space    used 6674K, committed 6912K, reserved 1048576K
}
Event: 31.131 GC heap before
{Heap before GC invocations=16 (full 0):
 garbage-first heap   total 55296K, used 43695K [0x00000000a1c00000, 0x0000000100000000)
  region size 1024K, 20 young (20480K), 3 survivors (3072K)
 Metaspace       used 53925K, committed 54272K, reserved 1114112K
  class space    used 6930K, committed 7104K, reserved 1048576K
}
Event: 31.136 GC heap after
{Heap after GC invocations=17 (full 0):
 garbage-first heap   total 55296K, used 27561K [0x00000000a1c00000, 0x0000000100000000)
  region size 1024K, 3 young (3072K), 3 survivors (3072K)
 Metaspace       used 53925K, committed 54272K, reserved 1114112K
  class space    used 6930K, committed 7104K, reserved 1048576K
}
Event: 32.378 GC heap before
{Heap before GC invocations=17 (full 0):
 garbage-first heap   total 55296K, used 42921K [0x00000000a1c00000, 0x0000000100000000)
  region size 1024K, 18 young (18432K), 3 survivors (3072K)
 Metaspace       used 56210K, committed 56640K, reserved 1114112K
  class space    used 7226K, committed 7424K, reserved 1048576K
}
Event: 32.383 GC heap after
{Heap after GC invocations=18 (full 0):
 garbage-first heap   total 55296K, used 28267K [0x00000000a1c00000, 0x0000000100000000)
  region size 1024K, 2 young (2048K), 2 survivors (2048K)
 Metaspace       used 56210K, committed 56640K, reserved 1114112K
  class space    used 7226K, committed 7424K, reserved 1048576K
}
Event: 33.588 GC heap before
{Heap before GC invocations=19 (full 0):
 garbage-first heap   total 55296K, used 43627K [0x00000000a1c00000, 0x0000000100000000)
  region size 1024K, 18 young (18432K), 2 survivors (2048K)
 Metaspace       used 60636K, committed 61184K, reserved 1114112K
  class space    used 7796K, committed 8064K, reserved 1048576K
}
Event: 33.599 GC heap after
{Heap after GC invocations=20 (full 0):
 garbage-first heap   total 55296K, used 30510K [0x00000000a1c00000, 0x0000000100000000)
  region size 1024K, 3 young (3072K), 3 survivors (3072K)
 Metaspace       used 60636K, committed 61184K, reserved 1114112K
  class space    used 7796K, committed 8064K, reserved 1048576K
}
Event: 33.698 GC heap before
{Heap before GC invocations=20 (full 0):
 garbage-first heap   total 55296K, used 31534K [0x00000000a1c00000, 0x0000000100000000)
  region size 1024K, 4 young (4096K), 3 survivors (3072K)
 Metaspace       used 61189K, committed 61632K, reserved 1114112K
  class space    used 7869K, committed 8064K, reserved 1048576K
}
Event: 33.706 GC heap after
{Heap after GC invocations=21 (full 0):
 garbage-first heap   total 55296K, used 30851K [0x00000000a1c00000, 0x0000000100000000)
  region size 1024K, 1 young (1024K), 1 survivors (1024K)
 Metaspace       used 61189K, committed 61632K, reserved 1114112K
  class space    used 7869K, committed 8064K, reserved 1048576K
}
Event: 34.129 GC heap before
{Heap before GC invocations=21 (full 0):
 garbage-first heap   total 55296K, used 43139K [0x00000000a1c00000, 0x0000000100000000)
  region size 1024K, 14 young (14336K), 1 survivors (1024K)
 Metaspace       used 63443K, committed 63936K, reserved 1114112K
  class space    used 8130K, committed 8384K, reserved 1048576K
}
Event: 34.134 GC heap after
{Heap after GC invocations=22 (full 0):
 garbage-first heap   total 55296K, used 31607K [0x00000000a1c00000, 0x0000000100000000)
  region size 1024K, 2 young (2048K), 2 survivors (2048K)
 Metaspace       used 63443K, committed 63936K, reserved 1114112K
  class space    used 8130K, committed 8384K, reserved 1048576K
}
Event: 34.543 GC heap before
{Heap before GC invocations=23 (full 0):
 garbage-first heap   total 63488K, used 41847K [0x00000000a1c00000, 0x0000000100000000)
  region size 1024K, 13 young (13312K), 2 survivors (2048K)
 Metaspace       used 64395K, committed 64832K, reserved 1114112K
  class space    used 8257K, committed 8448K, reserved 1048576K
}
Event: 34.548 GC heap after
{Heap after GC invocations=24 (full 0):
 garbage-first heap   total 63488K, used 32159K [0x00000000a1c00000, 0x0000000100000000)
  region size 1024K, 1 young (1024K), 1 survivors (1024K)
 Metaspace       used 64395K, committed 64832K, reserved 1114112K
  class space    used 8257K, committed 8448K, reserved 1048576K
}
Event: 34.595 GC heap before
{Heap before GC invocations=24 (full 0):
 garbage-first heap   total 63488K, used 34207K [0x00000000a1c00000, 0x0000000100000000)
  region size 1024K, 3 young (3072K), 1 survivors (1024K)
 Metaspace       used 64403K, committed 64896K, reserved 1114112K
  class space    used 8257K, committed 8448K, reserved 1048576K
}
Event: 34.601 GC heap after
{Heap after GC invocations=25 (full 0):
 garbage-first heap   total 63488K, used 32122K [0x00000000a1c00000, 0x0000000100000000)
  region size 1024K, 1 young (1024K), 1 survivors (1024K)
 Metaspace       used 64403K, committed 64896K, reserved 1114112K
  class space    used 8257K, committed 8448K, reserved 1048576K
}
Event: 35.618 GC heap before
{Heap before GC invocations=25 (full 0):
 garbage-first heap   total 63488K, used 48506K [0x00000000a1c00000, 0x0000000100000000)
  region size 1024K, 18 young (18432K), 1 survivors (1024K)
 Metaspace       used 66091K, committed 66688K, reserved 1114112K
  class space    used 8445K, committed 8704K, reserved 1048576K
}
Event: 35.623 GC heap after
{Heap after GC invocations=26 (full 0):
 garbage-first heap   total 63488K, used 33518K [0x00000000a1c00000, 0x0000000100000000)
  region size 1024K, 2 young (2048K), 2 survivors (2048K)
 Metaspace       used 66091K, committed 66688K, reserved 1114112K
  class space    used 8445K, committed 8704K, reserved 1048576K
}

Dll operation events (14 events):
Event: 0.055 Loaded shared library C:\Users\EQUIPO\.jdks\openjdk-19.0.1\bin\java.dll
Event: 0.104 Loaded shared library C:\Users\EQUIPO\.jdks\openjdk-19.0.1\bin\jsvml.dll
Event: 0.946 Loaded shared library C:\Users\EQUIPO\.jdks\openjdk-19.0.1\bin\zip.dll
Event: 0.954 Loaded shared library C:\Users\EQUIPO\.jdks\openjdk-19.0.1\bin\instrument.dll
Event: 0.970 Loaded shared library C:\Users\EQUIPO\.jdks\openjdk-19.0.1\bin\net.dll
Event: 0.976 Loaded shared library C:\Users\EQUIPO\.jdks\openjdk-19.0.1\bin\nio.dll
Event: 0.986 Loaded shared library C:\Users\EQUIPO\.jdks\openjdk-19.0.1\bin\zip.dll
Event: 1.831 Loaded shared library C:\Program Files\JetBrains\IntelliJ IDEA Community Edition 2022.2.3\bin\breakgen64.dll
Event: 1.917 Loaded shared library C:\Users\EQUIPO\.jdks\openjdk-19.0.1\bin\extnet.dll
Event: 1.951 Loaded shared library C:\Users\EQUIPO\.jdks\openjdk-19.0.1\bin\jimage.dll
Event: 1.978 Loaded shared library C:\Users\EQUIPO\.jdks\openjdk-19.0.1\bin\verify.dll
Event: 3.497 Loaded shared library C:\Users\EQUIPO\.jdks\openjdk-19.0.1\bin\management.dll
Event: 3.514 Loaded shared library C:\Users\EQUIPO\.jdks\openjdk-19.0.1\bin\management_ext.dll
Event: 21.368 Loaded shared library C:\Users\EQUIPO\.jdks\openjdk-19.0.1\bin\sunmscapi.dll

Deoptimization events (20 events):
Event: 35.164 Thread 0x00000262a710a080 Uncommon trap: trap_request=0xffffffde fr.pc=0x0000026294b06568 relative=0x00000000000000a8
Event: 35.164 Thread 0x00000262a710a080 Uncommon trap: reason=class_check action=maybe_recompile pc=0x0000026294b06568 method=org.springframework.core.SerializableTypeWrapper.unwrap(Ljava/lang/reflect/Type;)Ljava/lang/reflect/Type; @ 18 c2
Event: 35.164 Thread 0x00000262a710a080 DEOPT PACKING pc=0x0000026294b06568 sp=0x000000734fefd0f0
Event: 35.164 Thread 0x00000262a710a080 DEOPT UNPACKING pc=0x0000026294466d9b sp=0x000000734fefd080 mode 2
Event: 35.164 Thread 0x00000262a710a080 Uncommon trap: trap_request=0xffffff45 fr.pc=0x0000026294ae7144 relative=0x00000000000001a4
Event: 35.164 Thread 0x00000262a710a080 Uncommon trap: reason=unstable_if action=reinterpret pc=0x0000026294ae7144 method=java.util.IdentityHashMap.nextKeyIndex(II)I @ 4 c2
Event: 35.165 Thread 0x00000262a710a080 DEOPT PACKING pc=0x0000026294ae7144 sp=0x000000734fefd090
Event: 35.165 Thread 0x00000262a710a080 DEOPT UNPACKING pc=0x0000026294466d9b sp=0x000000734fefcf98 mode 2
Event: 35.165 Thread 0x00000262a710a080 Uncommon trap: trap_request=0xffffffde fr.pc=0x0000026294b11a18 relative=0x00000000000000d8
Event: 35.165 Thread 0x00000262a710a080 Uncommon trap: reason=class_check action=maybe_recompile pc=0x0000026294b11a18 method=org.springframework.core.SerializableTypeWrapper.unwrap(Ljava/lang/reflect/Type;)Ljava/lang/reflect/Type; @ 18 c2
Event: 35.165 Thread 0x00000262a710a080 DEOPT PACKING pc=0x0000026294b11a18 sp=0x000000734fefd2d0
Event: 35.165 Thread 0x00000262a710a080 DEOPT UNPACKING pc=0x0000026294466d9b sp=0x000000734fefd208 mode 2
Event: 35.165 Thread 0x00000262a710a080 Uncommon trap: trap_request=0xffffffde fr.pc=0x0000026294b06568 relative=0x00000000000000a8
Event: 35.165 Thread 0x00000262a710a080 Uncommon trap: reason=class_check action=maybe_recompile pc=0x0000026294b06568 method=org.springframework.core.SerializableTypeWrapper.unwrap(Ljava/lang/reflect/Type;)Ljava/lang/reflect/Type; @ 18 c2
Event: 35.165 Thread 0x00000262a710a080 DEOPT PACKING pc=0x0000026294b06568 sp=0x000000734fefd0f0
Event: 35.165 Thread 0x00000262a710a080 DEOPT UNPACKING pc=0x0000026294466d9b sp=0x000000734fefd080 mode 2
Event: 35.165 Thread 0x00000262a710a080 Uncommon trap: trap_request=0xffffffde fr.pc=0x0000026294b11a18 relative=0x00000000000000d8
Event: 35.165 Thread 0x00000262a710a080 Uncommon trap: reason=class_check action=maybe_recompile pc=0x0000026294b11a18 method=org.springframework.core.SerializableTypeWrapper.unwrap(Ljava/lang/reflect/Type;)Ljava/lang/reflect/Type; @ 18 c2
Event: 35.165 Thread 0x00000262a710a080 DEOPT PACKING pc=0x0000026294b11a18 sp=0x000000734fefd2d0
Event: 35.165 Thread 0x00000262a710a080 DEOPT UNPACKING pc=0x0000026294466d9b sp=0x000000734fefd208 mode 2

Classes loaded (20 events):
Event: 34.432 Loading class sun/security/ssl/NewSessionTicket$T13NewSessionTicketMessage
Event: 34.432 Loading class sun/security/ssl/NewSessionTicket$NewSessionTicketMessage
Event: 34.432 Loading class sun/security/ssl/NewSessionTicket$NewSessionTicketMessage done
Event: 34.432 Loading class sun/security/ssl/NewSessionTicket$T13NewSessionTicketMessage done
Event: 34.467 Loading class java/nio/HeapByteBufferR
Event: 34.468 Loading class java/nio/HeapByteBufferR done
Event: 34.730 Loading class jdk/internal/reflect/MethodHandleBooleanFieldAccessorImpl
Event: 34.731 Loading class jdk/internal/reflect/MethodHandleBooleanFieldAccessorImpl done
Event: 34.745 Loading class java/util/AbstractMap$SimpleEntry
Event: 34.745 Loading class java/util/AbstractMap$SimpleEntry done
Event: 34.945 Loading class java/lang/ObjectCustomizer
Event: 34.945 Loading class java/lang/ObjectCustomizer done
Event: 34.945 Loading class java/lang/ObjectCustomizer
Event: 34.945 Loading class java/lang/ObjectCustomizer done
Event: 34.972 Loading class java/util/EventListenerCustomizer
Event: 34.972 Loading class java/util/EventListenerCustomizer done
Event: 34.972 Loading class java/util/EventListenerCustomizer
Event: 34.972 Loading class java/util/EventListenerCustomizer done
Event: 35.526 Loading class java/lang/invoke/BoundMethodHandle$Species_LLLLLLLLLL
Event: 35.526 Loading class java/lang/invoke/BoundMethodHandle$Species_LLLLLLLLLL done

Classes unloaded (3 events):
Event: 34.204 Thread 0x00000262a2409140 Unloading class 0x00000008017a8800 'java/lang/invoke/LambdaForm$MH+0x00000008017a8800'
Event: 34.204 Thread 0x00000262a2409140 Unloading class 0x00000008017a8c00 'java/lang/invoke/LambdaForm$MH+0x00000008017a8c00'
Event: 34.204 Thread 0x00000262a2409140 Unloading class 0x00000008016d8000 'jdk/internal/reflect/GeneratedSerializationConstructorAccessor1'

Classes redefined (0 events):
No events

Internal exceptions (20 events):
Event: 33.171 Thread 0x00000262a710a080 Exception <a 'java/lang/ClassNotFoundException'{0x00000000a47dd000}: com/upthemuscle/model/PhotoCustomizer> (0x00000000a47dd000) 
thrown [s\open\src\hotspot\share\classfile\systemDictionary.cpp, line 255]
Event: 33.272 Thread 0x00000262a710a080 Exception <a 'java/net/BindException'{0x00000000a4673240}: Address already in use: bind> (0x00000000a4673240) 
thrown [s\open\src\hotspot\share\prims\jni.cpp, line 536]
Event: 33.472 Thread 0x00000262a710a080 Exception <a 'java/lang/NoSuchMethodError'{0x00000000a44f2308}: 'java.lang.Object java.lang.invoke.DirectMethodHandle$Holder.newInvokeSpecial(java.lang.Object, long)'> (0x00000000a44f2308) 
thrown [s\open\src\hotspot\share\interpreter\linkResolver.cpp, line 774]
Event: 33.549 Thread 0x00000262a710a080 Exception <a 'java/lang/NoSuchMethodError'{0x00000000a4077400}: 'long java.lang.invoke.DirectMethodHandle$Holder.invokeVirtual(java.lang.Object, java.lang.Object, java.lang.Object, java.lang.Object, java.lang.Object)'> (0x00000000a4077400) 
thrown [s\open\src\hotspot\share\interpreter\linkResolver.cpp, line 774]
Event: 33.859 Thread 0x00000262a710a080 Implicit null exception at 0x0000026294c1197b to 0x0000026294c119f4
Event: 34.322 Thread 0x00000262a710a080 Exception <a 'java/io/FileNotFoundException'{0x00000000a5331d40}> (0x00000000a5331d40) 
thrown [s\open\src\hotspot\share\prims\jni.cpp, line 517]
Event: 34.323 Thread 0x00000262a710a080 Exception <a 'java/io/FileNotFoundException'{0x00000000a5332b30}> (0x00000000a5332b30) 
thrown [s\open\src\hotspot\share\prims\jni.cpp, line 517]
Event: 34.945 Thread 0x00000262a710a080 Exception <a 'java/lang/ClassNotFoundException'{0x00000000a51eadd8}: java/lang/ObjectCustomizer> (0x00000000a51eadd8) 
thrown [s\open\src\hotspot\share\classfile\systemDictionary.cpp, line 255]
Event: 34.947 Thread 0x00000262a710a080 Exception <a 'java/lang/ClassNotFoundException'{0x00000000a51f1ec8}: org/springframework/plugin/core/support/AbstractTypeAwareSupportCustomizer> (0x00000000a51f1ec8) 
thrown [s\open\src\hotspot\share\classfile\systemDictionary.cpp, line 255]
Event: 34.952 Thread 0x00000262a710a080 Exception <a 'java/lang/ClassNotFoundException'{0x00000000a51fce30}: org/springframework/plugin/core/support/PluginRegistryFactoryBeanCustomizer> (0x00000000a51fce30) 
thrown [s\open\src\hotspot\share\classfile\systemDictionary.cpp, line 255]
Event: 34.961 Thread 0x00000262a710a080 Exception <a 'java/lang/ClassNotFoundException'{0x00000000a501db10}: org/springframework/beans/factory/FactoryBeanCustomizer> (0x00000000a501db10) 
thrown [s\open\src\hotspot\share\classfile\systemDictionary.cpp, line 255]
Event: 34.963 Thread 0x00000262a710a080 Exception <a 'java/lang/ClassNotFoundException'{0x00000000a5023eb8}: org/springframework/context/ApplicationContextAwareCustomizer> (0x00000000a5023eb8) 
thrown [s\open\src\hotspot\share\classfile\systemDictionary.cpp, line 255]
Event: 34.966 Thread 0x00000262a710a080 Exception <a 'java/lang/ClassNotFoundException'{0x00000000a5028938}: org/springframework/beans/factory/AwareCustomizer> (0x00000000a5028938) 
thrown [s\open\src\hotspot\share\classfile\systemDictionary.cpp, line 255]
Event: 34.968 Thread 0x00000262a710a080 Exception <a 'java/lang/ClassNotFoundException'{0x00000000a502c340}: org/springframework/context/ApplicationListenerCustomizer> (0x00000000a502c340) 
thrown [s\open\src\hotspot\share\classfile\systemDictionary.cpp, line 255]
Event: 34.972 Thread 0x00000262a710a080 Exception <a 'java/lang/ClassNotFoundException'{0x00000000a5033e80}: java/util/EventListenerCustomizer> (0x00000000a5033e80) 
thrown [s\open\src\hotspot\share\classfile\systemDictionary.cpp, line 255]
Event: 34.974 Thread 0x00000262a710a080 Exception <a 'java/lang/ClassNotFoundException'{0x00000000a5037638}: org/springframework/beans/factory/InitializingBeanCustomizer> (0x00000000a5037638) 
thrown [s\open\src\hotspot\share\classfile\systemDictionary.cpp, line 255]
Event: 35.321 Thread 0x00000262a710a080 Exception <a 'java/lang/NoSuchMethodError'{0x00000000a4b1ee50}: 'int java.lang.invoke.DirectMethodHandle$Holder.invokeSpecialIFC(java.lang.Object, java.lang.Object, java.lang.Object)'> (0x00000000a4b1ee50) 
thrown [s\open\src\hotspot\share\interpreter\linkResolver.cpp, line 774]
Event: 35.348 Thread 0x00000262a710a080 Exception <a 'java/lang/IncompatibleClassChangeError'{0x00000000a4b82db0}: Found class java.lang.Object, but interface was expected> (0x00000000a4b82db0) 
thrown [s\open\src\hotspot\share\interpreter\linkResolver.cpp, line 841]
Event: 35.513 Thread 0x00000262a710a080 Exception <a 'java/lang/NoSuchMethodError'{0x00000000a49191a8}: 'java.lang.Object java.lang.invoke.DirectMethodHandle$Holder.newInvokeSpecial(java.lang.Object, java.lang.Object, java.lang.Object, java.lang.Object, java.lang.Object, java.lang.Object, java.lang.Object, java.lang.Object, java.lang.Object, java.lang.Object)'> (0x00000000a49191a8) 
thrown [s\open\src\hotspot\share\interpreter\linkResolver.cpp, line 774]
Event: 35.528 Thread 0x00000262a710a080 Exception <a 'java/lang/NoSuchMethodError'{0x00000000a4961200}: 'java.lang.Object java.lang.invoke.DirectMethodHandle$Holder.invokeStatic(java.lang.Object, java.lang.Object, java.lang.Object, java.lang.Object, java.lang.Object, java.lang.Object, java.lang.Object, java.lang.Object, java.lang.Object, java.lang.Object, java.lang.Object, java.lang.Object, java.lang.Object)'> (0x00000000a4961200) 
thrown [s\open\src\hotspot\share\interpreter\linkResolver.cpp, line 774]

VM Operations (20 events):
Event: 33.697 Executing VM operation: G1CollectForAllocation
Event: 33.706 Executing VM operation: G1CollectForAllocation done
Event: 34.128 Executing VM operation: G1CollectForAllocation
Event: 34.137 Executing VM operation: G1CollectForAllocation done
Event: 34.202 Executing VM operation: G1PauseRemark
Event: 34.217 Executing VM operation: G1PauseRemark done
Event: 34.249 Executing VM operation: G1PauseCleanup
Event: 34.253 Executing VM operation: G1PauseCleanup done
Event: 34.468 Executing VM operation: HandshakeAllThreads
Event: 34.469 Executing VM operation: HandshakeAllThreads done
Event: 34.469 Executing VM operation: HandshakeAllThreads
Event: 34.469 Executing VM operation: HandshakeAllThreads done
Event: 34.543 Executing VM operation: G1CollectForAllocation
Event: 34.548 Executing VM operation: G1CollectForAllocation done
Event: 34.595 Executing VM operation: G1CollectForAllocation
Event: 34.601 Executing VM operation: G1CollectForAllocation done
Event: 34.957 Executing VM operation: HandshakeAllThreads
Event: 34.957 Executing VM operation: HandshakeAllThreads done
Event: 35.618 Executing VM operation: G1CollectForAllocation
Event: 35.623 Executing VM operation: G1CollectForAllocation done

Events (20 events):
Event: 23.758 Thread 0x00000262a6810060 flushing nmethod 0x000002628d875990
Event: 25.057 Thread 0x00000262a7c1a040 Thread added: 0x00000262a7c1a040
Event: 25.175 Thread 0x00000262a7c17b10 Thread added: 0x00000262a7c17b10
Event: 30.357 Thread 0x00000262a7c17b10 Thread exited: 0x00000262a7c17b10
Event: 30.981 Thread 0x00000262a8a8b5b0 Thread added: 0x00000262a8a8b5b0
Event: 30.986 Thread 0x00000262a8a870a0 Thread added: 0x00000262a8a870a0
Event: 30.998 Thread 0x00000262a8a8ab10 Thread added: 0x00000262a8a8ab10
Event: 31.501 Thread 0x00000262a8a89b20 Thread added: 0x00000262a8a89b20
Event: 32.097 Thread 0x00000262a8a8a5c0 Thread added: 0x00000262a8a8a5c0
Event: 32.138 Thread 0x00000262a8a8bb00 Thread added: 0x00000262a8a8bb00
Event: 32.545 Thread 0x00000262a8a8b060 Thread added: 0x00000262a8a8b060
Event: 32.546 Thread 0x00000262a8a87b40 Thread added: 0x00000262a8a87b40
Event: 32.587 Thread 0x00000262a8a85b60 Thread added: 0x00000262a8a85b60
Event: 32.588 Thread 0x00000262a8a88b30 Thread added: 0x00000262a8a88b30
Event: 32.591 Thread 0x00000262a8a8c050 Thread added: 0x00000262a8a8c050
Event: 32.594 Thread 0x00000262a8a89080 Thread added: 0x00000262a8a89080
Event: 34.485 Thread 0x00000262a6810060 flushing nmethod 0x000002628d685390
Event: 34.506 Thread 0x00000262a8a8c5a0 Thread added: 0x00000262a8a8c5a0
Event: 34.510 Thread 0x00000262a8a85610 Thread added: 0x00000262a8a85610
Event: 34.512 Thread 0x00000262a8a84b70 Thread added: 0x00000262a8a84b70


Dynamic libraries:
0x00007ff73f100000 - 0x00007ff73f10e000 	C:\Users\EQUIPO\.jdks\openjdk-19.0.1\bin\java.exe
0x00007ffbc1310000 - 0x00007ffbc1508000 	C:\Windows\SYSTEM32\ntdll.dll
0x00007ffb9c140000 - 0x00007ffb9c157000 	C:\Program Files\Avast Software\Avast\aswhook.dll
0x00007ffbc0c00000 - 0x00007ffbc0cbf000 	C:\Windows\System32\KERNEL32.DLL
0x00007ffbbee90000 - 0x00007ffbbf162000 	C:\Windows\System32\KERNELBASE.dll
0x00007ffbb9150000 - 0x00007ffbb9167000 	C:\Users\EQUIPO\.jdks\openjdk-19.0.1\bin\jli.dll
0x00007ffbbf210000 - 0x00007ffbbf310000 	C:\Windows\System32\ucrtbase.dll
0x00007ffbbfc20000 - 0x00007ffbbfdbd000 	C:\Windows\System32\USER32.dll
0x00007ffbbed20000 - 0x00007ffbbed42000 	C:\Windows\System32\win32u.dll
0x00007ffbb90e0000 - 0x00007ffbb90fb000 	C:\Users\EQUIPO\.jdks\openjdk-19.0.1\bin\VCRUNTIME140.dll
0x00007ffbbff70000 - 0x00007ffbbff9b000 	C:\Windows\System32\GDI32.dll
0x00007ffbbec10000 - 0x00007ffbbed1f000 	C:\Windows\System32\gdi32full.dll
0x00007ffbbea10000 - 0x00007ffbbeaad000 	C:\Windows\System32\msvcp_win.dll
0x00007ffba6730000 - 0x00007ffba69ca000 	C:\Windows\WinSxS\amd64_microsoft.windows.common-controls_6595b64144ccf1df_6.0.19041.1110_none_60b5254171f9507e\COMCTL32.dll
0x00007ffbc0790000 - 0x00007ffbc082e000 	C:\Windows\System32\msvcrt.dll
0x00007ffbbf360000 - 0x00007ffbbf392000 	C:\Windows\System32\IMM32.DLL
0x00007ffbba7d0000 - 0x00007ffbba7dc000 	C:\Users\EQUIPO\.jdks\openjdk-19.0.1\bin\vcruntime140_1.dll
0x00007ffb97d60000 - 0x00007ffb97dee000 	C:\Users\EQUIPO\.jdks\openjdk-19.0.1\bin\msvcp140.dll
0x0000026283a80000 - 0x0000026284740000 	C:\Users\EQUIPO\.jdks\openjdk-19.0.1\bin\server\jvm.dll
0x00007ffbc0a60000 - 0x00007ffbc0b0e000 	C:\Windows\System32\ADVAPI32.dll
0x00007ffbc0250000 - 0x00007ffbc02ec000 	C:\Windows\System32\sechost.dll
0x00007ffbc0000000 - 0x00007ffbc0125000 	C:\Windows\System32\RPCRT4.dll
0x00007ffbaf190000 - 0x00007ffbaf199000 	C:\Windows\SYSTEM32\WSOCK32.dll
0x00007ffbc1130000 - 0x00007ffbc119b000 	C:\Windows\System32\WS2_32.dll
0x00007ffba86e0000 - 0x00007ffba8707000 	C:\Windows\SYSTEM32\WINMM.dll
0x00007ffbb6230000 - 0x00007ffbb623a000 	C:\Windows\SYSTEM32\VERSION.dll
0x00007ffbbc8d0000 - 0x00007ffbbc8e2000 	C:\Windows\SYSTEM32\kernel.appcore.dll
0x00007ffbb9c80000 - 0x00007ffbb9c8a000 	C:\Users\EQUIPO\.jdks\openjdk-19.0.1\bin\jimage.dll
0x00007ffbb6340000 - 0x00007ffbb6524000 	C:\Windows\SYSTEM32\DBGHELP.DLL
0x00007ffbb6180000 - 0x00007ffbb61ac000 	C:\Windows\SYSTEM32\dbgcore.DLL
0x00007ffbbed50000 - 0x00007ffbbedd2000 	C:\Windows\System32\bcryptPrimitives.dll
0x00007ffbb90d0000 - 0x00007ffbb90de000 	C:\Users\EQUIPO\.jdks\openjdk-19.0.1\bin\instrument.dll
0x00007ffbb8ef0000 - 0x00007ffbb8f16000 	C:\Users\EQUIPO\.jdks\openjdk-19.0.1\bin\java.dll
0x00007ffb978e0000 - 0x00007ffb979b7000 	C:\Users\EQUIPO\.jdks\openjdk-19.0.1\bin\jsvml.dll
0x00007ffbbf450000 - 0x00007ffbbfb93000 	C:\Windows\System32\SHELL32.dll
0x00007ffbbcad0000 - 0x00007ffbbd262000 	C:\Windows\SYSTEM32\windows.storage.dll
0x00007ffbc0430000 - 0x00007ffbc0784000 	C:\Windows\System32\combase.dll
0x00007ffbbe390000 - 0x00007ffbbe3c0000 	C:\Windows\SYSTEM32\Wldp.dll
0x00007ffbc0830000 - 0x00007ffbc08dd000 	C:\Windows\System32\SHCORE.dll
0x00007ffbc0970000 - 0x00007ffbc09c5000 	C:\Windows\System32\shlwapi.dll
0x00007ffbbe950000 - 0x00007ffbbe96f000 	C:\Windows\SYSTEM32\profapi.dll
0x00007ffbb8d70000 - 0x00007ffbb8d88000 	C:\Users\EQUIPO\.jdks\openjdk-19.0.1\bin\zip.dll
0x00007ffbb8e30000 - 0x00007ffbb8e43000 	C:\Users\EQUIPO\.jdks\openjdk-19.0.1\bin\net.dll
0x00007ffbb7620000 - 0x00007ffbb772c000 	C:\Windows\SYSTEM32\WINHTTP.dll
0x00007ffbbe0f0000 - 0x00007ffbbe15a000 	C:\Windows\system32\mswsock.dll
0x00007ffbb8db0000 - 0x00007ffbb8dc6000 	C:\Users\EQUIPO\.jdks\openjdk-19.0.1\bin\nio.dll
0x00007ffbb8a80000 - 0x00007ffbb8a9a000 	C:\Program Files\JetBrains\IntelliJ IDEA Community Edition 2022.2.3\bin\breakgen64.dll
0x00007ffbb8a70000 - 0x00007ffbb8a78000 	C:\Users\EQUIPO\.jdks\openjdk-19.0.1\bin\extnet.dll
0x00007ffbb9550000 - 0x00007ffbb9560000 	C:\Users\EQUIPO\.jdks\openjdk-19.0.1\bin\verify.dll
0x00007ffbb9430000 - 0x00007ffbb943a000 	C:\Users\EQUIPO\.jdks\openjdk-19.0.1\bin\management.dll
0x00007ffbb9140000 - 0x00007ffbb914b000 	C:\Users\EQUIPO\.jdks\openjdk-19.0.1\bin\management_ext.dll
0x00007ffbc09d0000 - 0x00007ffbc09d8000 	C:\Windows\System32\PSAPI.DLL
0x00007ffba8a60000 - 0x00007ffba8a77000 	C:\Windows\system32\napinsp.dll
0x00007ffba8a40000 - 0x00007ffba8a5b000 	C:\Windows\system32\pnrpnsp.dll
0x00007ffbb6140000 - 0x00007ffbb6155000 	C:\Windows\system32\wshbth.dll
0x00007ffbb88c0000 - 0x00007ffbb88dd000 	C:\Windows\system32\NLAapi.dll
0x00007ffbbdde0000 - 0x00007ffbbde1b000 	C:\Windows\SYSTEM32\IPHLPAPI.DLL
0x00007ffbbde20000 - 0x00007ffbbdeea000 	C:\Windows\SYSTEM32\DNSAPI.dll
0x00007ffbc0b10000 - 0x00007ffbc0b18000 	C:\Windows\System32\NSI.dll
0x00007ffba8a20000 - 0x00007ffba8a32000 	C:\Windows\System32\winrnr.dll
0x00007ffbb6d00000 - 0x00007ffbb6d0a000 	C:\Windows\System32\rasadhlp.dll
0x00007ffbb69d0000 - 0x00007ffbb6a50000 	C:\Windows\System32\fwpuclnt.dll
0x00007ffbbf170000 - 0x00007ffbbf197000 	C:\Windows\System32\bcrypt.dll
0x00007ffbbe2e0000 - 0x00007ffbbe2f8000 	C:\Windows\SYSTEM32\CRYPTSP.dll
0x00007ffbbda10000 - 0x00007ffbbda44000 	C:\Windows\system32\rsaenh.dll
0x00007ffbbe910000 - 0x00007ffbbe93e000 	C:\Windows\SYSTEM32\USERENV.dll
0x00007ffbbe300000 - 0x00007ffbbe30c000 	C:\Windows\SYSTEM32\CRYPTBASE.dll
0x00007ffbb82b0000 - 0x00007ffbb82c7000 	C:\Windows\SYSTEM32\dhcpcsvc6.DLL
0x00007ffbb8290000 - 0x00007ffbb82ad000 	C:\Windows\SYSTEM32\dhcpcsvc.DLL
0x00007ffbb90a0000 - 0x00007ffbb90ae000 	C:\Users\EQUIPO\.jdks\openjdk-19.0.1\bin\sunmscapi.dll
0x00007ffbbeab0000 - 0x00007ffbbec06000 	C:\Windows\System32\CRYPT32.dll
0x00007ffbbe400000 - 0x00007ffbbe427000 	C:\Windows\SYSTEM32\ncrypt.dll
0x00007ffbbe3c0000 - 0x00007ffbbe3fb000 	C:\Windows\SYSTEM32\NTASN1.dll

dbghelp: loaded successfully - version: 4.0.5 - missing functions: none
symbol engine: initialized successfully - sym options: 0x614 - pdb path: .;C:\Users\EQUIPO\.jdks\openjdk-19.0.1\bin;C:\Windows\SYSTEM32;C:\Program Files\Avast Software\Avast;C:\Windows\WinSxS\amd64_microsoft.windows.common-controls_6595b64144ccf1df_6.0.19041.1110_none_60b5254171f9507e;C:\Users\EQUIPO\.jdks\openjdk-19.0.1\bin\server;C:\Program Files\JetBrains\IntelliJ IDEA Community Edition 2022.2.3\bin

VM Arguments:
jvm_args: -javaagent:C:\Program Files\JetBrains\IntelliJ IDEA Community Edition 2022.2.3\lib\idea_rt.jar=60737:C:\Program Files\JetBrains\IntelliJ IDEA Community Edition 2022.2.3\bin -Dfile.encoding=UTF-8 -Dsun.stdout.encoding=UTF-8 -Dsun.stderr.encoding=UTF-8 
java_command: com.upthemuscle.GymManagementApplication
java_class_path (initial): C:\Users\EQUIPO\Desktop\apigymmanager-main\target\classes;C:\Users\EQUIPO\.m2\repository\org\springframework\boot\spring-boot-starter-data-jpa\2.7.6\spring-boot-starter-data-jpa-2.7.6.jar;C:\Users\EQUIPO\.m2\repository\org\springframework\boot\spring-boot-starter-aop\2.7.6\spring-boot-starter-aop-2.7.6.jar;C:\Users\EQUIPO\.m2\repository\org\aspectj\aspectjweaver\1.9.7\aspectjweaver-1.9.7.jar;C:\Users\EQUIPO\.m2\repository\org\springframework\boot\spring-boot-starter-jdbc\2.7.6\spring-boot-starter-jdbc-2.7.6.jar;C:\Users\EQUIPO\.m2\repository\com\zaxxer\HikariCP\4.0.3\HikariCP-4.0.3.jar;C:\Users\EQUIPO\.m2\repository\org\springframework\spring-jdbc\5.3.24\spring-jdbc-5.3.24.jar;C:\Users\EQUIPO\.m2\repository\jakarta\transaction\jakarta.transaction-api\1.3.3\jakarta.transaction-api-1.3.3.jar;C:\Users\EQUIPO\.m2\repository\jakarta\persistence\jakarta.persistence-api\2.2.3\jakarta.persistence-api-2.2.3.jar;C:\Users\EQUIPO\.m2\repository\org\hibernate\hibernate-core\5.6.14.Final\hibernate-core-5.6.14.Final.jar;C:\Users\EQUIPO\.m2\repository\org\jboss\logging\jboss-logging\3.4.3.Final\jboss-logging-3.4.3.Final.jar;C:\Users\EQUIPO\.m2\repository\net\bytebuddy\byte-buddy\1.12.19\byte-buddy-1.12.19.jar;C:\Users\EQUIPO\.m2\repository\antlr\antlr\2.7.7\antlr-2.7.7.jar;C:\Users\EQUIPO\.m2\repository\org\jboss\jandex\2.4.2.Final\jandex-2.4.2.Final.jar;C:\Users\EQUIPO\.m2\repository\org\hibernate\common\hibernate-commons-annotations\5.1.2.Final\hibernate-commons-annotations-5.1.2.Final.jar;C:\Users\EQUIPO\.m2\repository\org\glassfish\jaxb\jaxb-runtime\2.3.7\jaxb-runtime-2.3.7.jar;C:\Users\EQUIPO\.m2\repository\org\glassfish\jaxb\txw2\2.3.7\txw2-2.3.7.jar;C:\Users\EQUIPO\.m2\repository\com\sun\istack\istack-commons-runtime\3.0.12\istack-commons-runtime-3.0.12.jar;C:\Users\EQUIPO\.m2\repository\org\springframework\data\spring-data-jpa\2.7.6\spring-data-jpa-2.7.6.jar;C:\Users\EQUIPO\.m2\repository\org\springframework\data\spring-data-commons\2.7.6\spring-data-commons-2.7.6.jar;C:\Users\EQUIPO\.m2\repository\org\springframework\spring-orm\5.3.24\spring-orm-5.3.24.jar;C:\Users\EQUIPO\.m2\repository\org\springframework\spring-context\5.3.24\spring-context-5.3.24.jar;C:\Users\EQUIPO\.m2\repository\org\springframework\spring-tx\5.3.24\spring-tx-5.3.24.jar;C:\Users\EQUIPO\.m2\repository\org\springframework\spring-beans\5.3.24\spring-beans-5.3.24.jar;C:\Users\EQUIPO\.m2\repository\org\springframework\spring-aspects\5.3.24\spring-aspects-5.3.24.jar;C:\Users\EQUIPO\.m2\repository\org\springframework\boot\spring-boot-starter-web\2.7.6\spring-boot-starter-web-2.7.6.jar;C:\Users\EQUIPO\.m2\repository\org\springframework\boot\spring-boot-starter\2.7.6\spring-boot-starter-2.7.6.jar;C:\Users\EQUIPO\.m2\repository\org\springframework\boot\spring-boot-starter-logging\2.7.6\spring-boot-starter-logging-2.7.6.jar;C:\Users\EQUIPO\.m2\repository\ch\qos\logback\logback-classic\1.2.11\logback-classic-1.2.11.jar;C:\Users\EQUIPO\.m2\repository\ch\qos\logback\logback-core\1.2.11\logback-core-1.2.11.jar;C:\Users\EQUIPO\.m2\repository\org\apache\logging\log4j\log4j-to-slf4j\2.17.2\log4j-to-slf4j-2.17.2.jar;C:\Users\EQUIPO\.m2\repository\org\apache\logging\log4j\log4j-api\2.17.2\log4j-api-2.17.2.jar;C:\Users\EQUIPO\.m2\repository\org\slf4j\jul-to-slf4j\1.7.36\jul-to-slf4j-1.7.36.jar;C:\Users\EQUIPO\.m2\repository\jakarta\annotation\jakarta.annotation-api\1.3.5\jakarta.annotation-api-1.3.5.jar;C:\Users\EQUIPO\.m2\repository\org\yaml\snakeyaml\1.30\snakeyaml-1.30.jar;C:\Users\EQUIPO\.m2\repository\org\springframework\boot\spring-boot-starter-json\2.7.6\spring-boot-starter-json-2.7.6.jar;C:\Users\EQUIPO\.m2\repository\com\fasterxml\jackson\datatype\jackson-datatype-jdk8\2.13.4\jackson-datatype-jdk8-2.13.4.jar;C:\Users\EQUIPO\.m2\repository\com\fasterxml\jackson\datatype\jackson-datatype-jsr310\2.13.4\jackson-datatype-jsr310-2.13.4.jar;C:\Users\EQUIPO\.m2\repository\com\fasterxml\jackson\module\jackson-module-parameter-names\2.13.4\jackson-module-parameter-names-2.13.4.jar;C:\Users\EQUIPO\.m2\repository\org\springframework\boot\spring-boot-starter-tomcat\2.7.6\spring-boot-starter-tomcat-2.7.6.jar;C:\Users\EQUIPO\.m2\repository\org\apache\tomcat\embed\tomcat-embed-core\9.0.69\tomcat-embed-core-9.0.69.jar;C:\Users\EQUIPO\.m2\repository\org\apache\tomcat\embed\tomcat-embed-el\9.0.69\tomcat-embed-el-9.0.69.jar;C:\Users\EQUIPO\.m2\repository\org\apache\tomcat\embed\tomcat-embed-websocket\9.0.69\tomcat-embed-websocket-9.0.69.jar;C:\Users\EQUIPO\.m2\repository\org\springframework\spring-web\5.3.24\spring-web-5.3.24.jar;C:\Users\EQUIPO\.m2\repository\org\springframework\spring-webmvc\5.3.24\spring-webmvc-5.3.24.jar;C:\Users\EQUIPO\.m2\repository\org\springframework\spring-expression\5.3.24\spring-expression-5.3.24.jar;C:\Users\EQUIPO\.m2\repository\jakarta\xml\bind\jakarta.xml.bind-api\2.3.3\jakarta.xml.bind-api-2.3.3.jar;C:\Users\EQUIPO\.m2\repository\jakarta\activation\jakarta.activation-api\1.2.2\jakarta.activation-api-1.2.2.jar;C:\Users\EQUIPO\.m2\repository\org\springframework\spring-core\5.3.24\spring-core-5.3.24.jar;C:\Users\EQUIPO\.m2\repository\org\springframework\spring-jcl\5.3.24\spring-jcl-5.3.24.jar;C:\Users\EQUIPO\.m2\repository\org\postgresql\postgresql\42.3.8\postgresql-42.3.8.jar;C:\Users\EQUIPO\.m2\repository\org\checkerframework\checker-qual\3.5.0\checker-qual-3.5.0.jar;C:\Users\EQUIPO\.m2\repository\com\mysql\mysql-connector-j\8.0.31\mysql-connector-j-8.0.31.jar;C:\Users\EQUIPO\.m2\repository\org\apache\commons\commons-lang3\3.9\commons-lang3-3.9.jar;C:\Users\EQUIPO\.m2\repository\org\springframework\boot\spring-boot-starter-security\2.7.6\spring-boot-starter-security-2.7.6.jar;C:\Users\EQUIPO\.m2\repository\org\springframework\spring-aop\5.3.24\spring-aop-5.3.24.jar;C:\Users\EQUIPO\.m2\repository\org\springframework\security\spring-security-config\5.7.5\spring-security-config-5.7.5.jar;C:\Users\EQUIPO\.m2\repository\org\springframework\security\spring-security-core\5.7.5\spring-security-core-5.7.5.jar;C:\Users\EQUIPO\.m2\repository\org\springframework\security\spring-security-crypto\5.7.5\spring-security-crypto-5.7.5.jar;C:\Users\EQUIPO\.m2\repository\org\springframework\security\spring-security-web\5.7.5\spring-security-web-5.7.5.jar;C:\Users\EQUIPO\.m2\repository\io\jsonwebtoken\jjwt\0.9.1\jjwt-0.9.1.jar;C:\Users\EQUIPO\.m2\repository\com\fasterxml\jackson\core\jackson-databind\2.13.4.2\jackson-databind-2.13.4.2.jar;C:\Users\EQUIPO\.m2\repository\com\fasterxml\jackson\core\jackson-annotations\2.13.4\jackson-annotations-2.13.4.jar;C:\Users\EQUIPO\.m2\repository\com\fasterxml\jackson\core\jackson-core\2.13.4\jackson-core-2.13.4.jar;C:\Users\EQUIPO\.m2\repository\com\nimbusds\nimbus-jose-jwt\9.0.1\nimbus-jose-jwt-9.0.1.jar;C:\Users\EQUIPO\.m2\repository\com\github\stephenc\jcip\jcip-annotations\1.0-1\jcip-annotations-1.0-1.jar;C:\Users\EQUIPO\.m2\repository\io\springfox\springfox-boot-starter\3.0.0\springfox-boot-starter-3.0.0.jar;C:\Users\EQUIPO\.m2\repository\io\springfox\springfox-oas\3.0.0\springfox-oas-3.0.0.jar;C:\Users\EQUIPO\.m2\repository\io\swagger\core\v3\swagger-annotations\2.1.2\swagger-annotations-2.1.2.jar;C:\Users\EQUIPO\.m2\repository\io\swagger\core\v3\swagger-models\2.1.2\swagger-models-2.1.2.jar;C:\Users\EQUIPO\.m2\repository\io\springfox\springfox-core\3.0.0\springfox-core-3.0.0.jar;C:\Users\EQUIPO\.m2\repository\io\springfox\springfox-data-rest\3.0.0\springfox-data-rest-3.0.0.jar;C:\Users\EQUIPO\.m2\repository\io\springfox\springfox-bean-validators\3.0.0\springfox-bean-validators-3.0.0.jar;C:\Users\EQUIPO\.m2\repository\com\fasterxml\classmate\1.5.1\classmate-1.5.1.jar;C:\Users\EQUIPO\.m2\repository\org\slf4j\slf4j-api\1.7.36\slf4j-api-1.7.36.jar;C:\Users\EQUIPO\.m2\repository\org\springframework\plugin\spring-plugin-core\2.0.0.RELEASE\spring-plugin-core-2.0.0.RELEASE.jar;C:\Users\EQUIPO\.m2\repository\org\springframework\plugin\spring-plugin-metadata\2.0.0.RELEASE\spring-plugin-metadata-2.0.0.RELEASE.jar;C:\Users\EQUIPO\.m2\repository\io\springfox\springfox-swagger2\3.0.0\springfox-swagger2-3.0.0.jar;C:\Users\EQUIPO\.m2\repository\io\springfox\springfox-spi\3.0.0\springfox-spi-3.0.0.jar;C:\Users\EQUIPO\.m2\repository\io\springfox\springfox-schema\3.0.0\springfox-schema-3.0.0.jar;C:\Users\EQUIPO\.m2\repository\io\springfox\springfox-swagger-common\3.0.0\springfox-swagger-common-3.0.0.jar;C:\Users\EQUIPO\.m2\repository\io\springfox\springfox-spring-web\3.0.0\springfox-spring-web-3.0.0.jar;C:\Users\EQUIPO\.m2\repository\io\github\classgraph\classgraph\4.8.83\classgraph-4.8.83.jar;C:\Users\EQUIPO\.m2\repository\io\springfox\springfox-spring-webmvc\3.0.0\springfox-spring-webmvc-3.0.0.jar;C:\Users\EQUIPO\.m2\repository\io\springfox\springfox-spring-webflux\3.0.0\springfox-spring-webflux-3.0.0.jar;C:\Users\EQUIPO\.m2\repository\io\swagger\swagger-annotations\1.5.20\swagger-annotations-1.5.20.jar;C:\Users\EQUIPO\.m2\repository\io\swagger\swagger-models\1.5.20\swagger-models-1.5.20.jar;C:\Users\EQUIPO\.m2\repository\org\mapstruct\mapstruct\1.3.1.Final\mapstruct-1.3.1.Final.jar;C:\Users\EQUIPO\.m2\repository\io\springfox\springfox-swagger-ui\3.0.0\springfox-swagger-ui-3.0.0.jar;C:\Users\EQUIPO\.m2\repository\org\springframework\boot\spring-boot-starter-mail\2.7.6\spring-boot-starter-mail-2.7.6.jar;C:\Users\EQUIPO\.m2\repository\org\springframework\spring-context-support\5.3.24\spring-context-support-5.3.24.jar;C:\Users\EQUIPO\.m2\repository\com\sun\mail\jakarta.mail\1.6.7\jakarta.mail-1.6.7.jar;C:\Users\EQUIPO\.m2\repository\com\sun\activation\jakarta.activation\1.2.2\jakarta.activation-1.2.2.jar;C:\Users\EQUIPO\.m2\repository\org\springframework\boot\spring-boot-starter-thymeleaf\2.7.6\spring-boot-starter-thymeleaf-2.7.6.jar;C:\Users\EQUIPO\.m2\repository\org\thymeleaf\thymeleaf-spring5\3.0.15.RELEASE\thymeleaf-spring5-3.0.15.RELEASE.jar;C:\Users\EQUIPO\.m2\repository\org\thymeleaf\thymeleaf\3.0.15.RELEASE\thymeleaf-3.0.15.RELEASE.jar;C:\Users\EQUIPO\.m2\repository\org\attoparser\attoparser\2.0.5.RELEASE\attoparser-2.0.5.RELEASE.jar;C:\Users\EQUIPO\.m2\repository\org\unbescape\unbescape\1.1.6.RELEASE\unbescape-1.1.6.RELEASE.jar;C:\Users\EQUIPO\.m2\repository\org\thymeleaf\extras\thymeleaf-extras-java8time\3.0.4.RELEASE\thymeleaf-extras-java8time-3.0.4.RELEASE.jar;C:\Users\EQUIPO\.m2\repository\org\springframework\boot\spring-boot-devtools\2.7.6\spring-boot-devtools-2.7.6.jar;C:\Users\EQUIPO\.m2\repository\org\springframework\boot\spring-boot\2.7.6\spring-boot-2.7.6.jar;C:\Users\EQUIPO\.m2\repository\org\springframework\boot\spring-boot-autoconfigure\2.7.6\spring-boot-autoconfigure-2.7.6.jar;C:\Users\EQUIPO\.m2\repository\javax\validation\validation-api\2.0.1.Final\validation-api-2.0.1.Final.jar;C:\Users\EQUIPO\.m2\repository\org\springframework\boot\spring-boot-starter-data-mongodb\2.7.6\spring-boot-starter-data-mongodb-2.7.6.jar;C:\Users\EQUIPO\.m2\repository\org\mongodb\mongodb-driver-sync\4.6.1\mongodb-driver-sync-4.6.1.jar;C:\Users\EQUIPO\.m2\repository\org\mongodb\bson\4.6.1\bson-4.6.1.jar;C:\Users\EQUIPO\.m2\repository\org\mongodb\mongodb-driver-core\4.6.1\mongodb-driver-core-4.6.1.jar;C:\Users\EQUIPO\.m2\repository\org\mongodb\bson-record-codec\4.6.1\bson-record-codec-4.6.1.jar;C:\Users\EQUIPO\.m2\repository\org\springframework\data\spring-data-mongodb\3.4.6\spring-data-mongodb-3.4.6.jar
Launcher Type: SUN_STANDARD

[Global flags]
     intx CICompilerCount                          = 4                                         {product} {ergonomic}
     uint ConcGCThreads                            = 2                                         {product} {ergonomic}
     uint G1ConcRefinementThreads                  = 8                                         {product} {ergonomic}
   size_t G1HeapRegionSize                         = 1048576                                   {product} {ergonomic}
    uintx GCDrainStackTargetSize                   = 64                                        {product} {ergonomic}
   size_t InitialHeapSize                          = 100663296                                 {product} {ergonomic}
   size_t MarkStackSize                            = 4194304                                   {product} {ergonomic}
   size_t MaxHeapSize                              = 1581252608                                {product} {ergonomic}
   size_t MaxNewSize                               = 947912704                                 {product} {ergonomic}
   size_t MinHeapDeltaBytes                        = 1048576                                   {product} {ergonomic}
   size_t MinHeapSize                              = 8388608                                   {product} {ergonomic}
    uintx NonNMethodCodeHeapSize                   = 5839372                                {pd product} {ergonomic}
    uintx NonProfiledCodeHeapSize                  = 122909434                              {pd product} {ergonomic}
    uintx ProfiledCodeHeapSize                     = 122909434                              {pd product} {ergonomic}
    uintx ReservedCodeCacheSize                    = 251658240                              {pd product} {ergonomic}
     bool SegmentedCodeCache                       = true                                      {product} {ergonomic}
   size_t SoftMaxHeapSize                          = 1581252608                             {manageable} {ergonomic}
     bool UseCompressedClassPointers               = true                           {product lp64_product} {ergonomic}
     bool UseCompressedOops                        = true                           {product lp64_product} {ergonomic}
     bool UseG1GC                                  = true                                      {product} {ergonomic}
     bool UseLargePagesIndividualAllocation        = false                                  {pd product} {ergonomic}

Logging:
Log output configuration:
 #0: stdout all=warning uptime,level,tags foldmultilines=false
 #1: stderr all=off uptime,level,tags foldmultilines=false

Environment Variables:
JAVA_HOME=C:\Program Files\Java\jdk-18
PATH=C:\Program Files\Common Files\Oracle\Java\javapath;C:\Program Files\Python310\Scripts\;C:\Program Files\Python310\;C:\Windows\system32;C:\Windows;C:\Windows\System32\Wbem;C:\Windows\System32\WindowsPowerShell\v1.0\;C:\Windows\System32\OpenSSH\;C:\Program Files\nodejs\;C:\Program Files\Git\cmd;C:\ProgramData\chocolatey\bin;C:\Program Files\Java\jdk-18\bin;C:\Users\EQUIPO\AppData\Local\Microsoft\WindowsApps;C:\Users\EQUIPO\AppData\Local\Programs\Microsoft VS Code\bin;C:\Users\EQUIPO\AppData\Roaming\npm;C:\Users\EQUIPO\AppData\Local\atom\bin;C:\Program Files\PostgreSQL\15\bin;
USERNAME=EQUIPO
OS=Windows_NT
PROCESSOR_IDENTIFIER=AMD64 Family 23 Model 24 Stepping 1, AuthenticAMD
TMP=C:\Users\EQUIPO\AppData\Local\Temp
TEMP=C:\Users\EQUIPO\AppData\Local\Temp



---------------  S Y S T E M  ---------------

OS:
 Windows 10 , 64 bit Build 19041 (10.0.19041.2251)
OS uptime: 8 days 16:32 hours

CPU: total 8 (initial active 8) (8 cores per cpu, 2 threads per core) family 23 model 24 stepping 1 microcode 0x0, cx8, cmov, fxsr, ht, mmx, 3dnowpref, sse, sse2, sse3, ssse3, sse4a, sse4.1, sse4.2, popcnt, lzcnt, tsc, tscinvbit, avx, avx2, aes, clmul, bmi1, bmi2, adx, sha, fma, vzeroupper, clflush, clflushopt, rdtscp

Memory: 4k page, system-wide physical 6030M (140M free)
TotalPageFile size 24462M (AvailPageFile size 0M)
current process WorkingSet (physical memory assigned to process): 235M, peak: 235M
current process commit charge ("private bytes"): 275M, peak: 276M

vm_info: OpenJDK 64-Bit Server VM (19.0.1+10-21) for windows-amd64 JRE (19.0.1+10-21), built on 2022-09-14T12:45:06Z by "mach5one" with MS VC++ 17.1 (VS2022)

END.
