#
# There is insufficient memory for the Java Runtime Environment to continue.
# Native memory allocation (malloc) failed to allocate 32744 bytes for Chunk::new
# Possible reasons:
#   The system is out of physical RAM or swap space
#   The process is running with CompressedOops enabled, and the Java Heap may be blocking the growth of the native heap
# Possible solutions:
#   Reduce memory load on the system
#   Increase physical memory or swap space
#   Check if swap backing store is full
#   Decrease Java heap size (-Xmx/-Xms)
#   Decrease number of Java threads
#   Decrease Java thread stack sizes (-Xss)
#   Set larger code cache with -XX:ReservedCodeCacheSize=
#   JVM is running with Unscaled Compressed Oops mode in which the Java heap is
#     placed in the first 4GB address space. The Java Heap base address is the
#     maximum limit for the native heap growth. Please use -XX:HeapBaseMinAddress
#     to set the Java Heap base and to place the Java Heap above 4GB virtual address.
# This output file may be truncated or incomplete.
#
#  Out of Memory Error (arena.cpp:184), pid=15988, tid=26728
#
# JRE version: OpenJDK Runtime Environment (19.0.1+10) (build 19.0.1+10-21)
# Java VM: OpenJDK 64-Bit Server VM (19.0.1+10-21, mixed mode, sharing, tiered, compressed oops, compressed class ptrs, g1 gc, windows-amd64)
# No core dump will be written. Minidumps are not enabled by default on client versions of Windows
#

---------------  S U M M A R Y ------------

Command Line: -javaagent:C:\Program Files\JetBrains\IntelliJ IDEA Community Edition 2022.2.3\lib\idea_rt.jar=60785:C:\Program Files\JetBrains\IntelliJ IDEA Community Edition 2022.2.3\bin -Dfile.encoding=UTF-8 -Dsun.stdout.encoding=UTF-8 -Dsun.stderr.encoding=UTF-8 com.upthemuscle.GymManagementApplication

Host: AMD Ryzen 5 3450U with Radeon Vega Mobile Gfx  , 8 cores, 5G,  Windows 10 , 64 bit Build 19041 (10.0.19041.2251)
Time: Mon Dec 12 12:16:22 2022 Hora est. Pacífico, Sudamérica elapsed time: 2.285334 seconds (0d 0h 0m 2s)

---------------  T H R E A D  ---------------

Current thread (0x00000200ffd683e0):  JavaThread "C1 CompilerThread0" daemon [_thread_in_native, id=26728, stack(0x0000006dc9000000,0x0000006dc9100000)]


Current CompileTask:
C1:   2285  868       3       java.net.URLStreamHandler::parseURL (1124 bytes)

Stack: [0x0000006dc9000000,0x0000006dc9100000]
Native frames: (J=compiled Java code, j=interpreted, Vv=VM code, C=native code)
V  [jvm.dll+0x6ee8fa]
V  [jvm.dll+0x857a1e]
V  [jvm.dll+0x85940e]
V  [jvm.dll+0x859ac3]
V  [jvm.dll+0x28291f]
V  [jvm.dll+0xc9b5f]
V  [jvm.dll+0xc9ee5]
V  [jvm.dll+0x148c35]
V  [jvm.dll+0x1a704d]
V  [jvm.dll+0x1a7c23]
V  [jvm.dll+0x161743]
V  [jvm.dll+0x161022]
V  [jvm.dll+0x161278]
V  [jvm.dll+0x1606d6]
V  [jvm.dll+0x1623cd]
V  [jvm.dll+0x25b0fa]
V  [jvm.dll+0x259588]
V  [jvm.dll+0x807928]
V  [jvm.dll+0x8015fa]
V  [jvm.dll+0x6ed5eb]
C  [ucrtbase.dll+0x21bb2]
C  [KERNEL32.DLL+0x174b4]
C  [ntdll.dll+0x526a1]


---------------  P R O C E S S  ---------------

Threads class SMR info:
_java_thread_list=0x0000020093641130, length=13, elements={
0x00000200f18b78a0, 0x00000200ffd53960, 0x00000200ffd54360, 0x00000200ffd55840,
0x00000200ffd591a0, 0x00000200ffd5a830, 0x00000200ffd602f0, 0x00000200ffd6a8a0,
0x00000200ffd683e0, 0x00000200ffd5d870, 0x00000200ffd5ddc0, 0x00000200ffd5fda0,
0x00000200ffd5e310
}

Java Threads: ( => current thread )
  0x00000200f18b78a0 JavaThread "main" [_thread_in_vm, id=26600, stack(0x0000006dc8200000,0x0000006dc8300000)]
  0x00000200ffd53960 JavaThread "Reference Handler" daemon [_thread_blocked, id=16492, stack(0x0000006dc8900000,0x0000006dc8a00000)]
  0x00000200ffd54360 JavaThread "Finalizer" daemon [_thread_blocked, id=26644, stack(0x0000006dc8a00000,0x0000006dc8b00000)]
  0x00000200ffd55840 JavaThread "Signal Dispatcher" daemon [_thread_blocked, id=14080, stack(0x0000006dc8b00000,0x0000006dc8c00000)]
  0x00000200ffd591a0 JavaThread "Attach Listener" daemon [_thread_blocked, id=21796, stack(0x0000006dc8c00000,0x0000006dc8d00000)]
  0x00000200ffd5a830 JavaThread "Service Thread" daemon [_thread_blocked, id=23608, stack(0x0000006dc8d00000,0x0000006dc8e00000)]
  0x00000200ffd602f0 JavaThread "Monitor Deflation Thread" daemon [_thread_blocked, id=5324, stack(0x0000006dc8e00000,0x0000006dc8f00000)]
  0x00000200ffd6a8a0 JavaThread "C2 CompilerThread0" daemon [_thread_in_vm, id=5684, stack(0x0000006dc8f00000,0x0000006dc9000000)]
=>0x00000200ffd683e0 JavaThread "C1 CompilerThread0" daemon [_thread_in_native, id=26728, stack(0x0000006dc9000000,0x0000006dc9100000)]
  0x00000200ffd5d870 JavaThread "Sweeper thread" daemon [_thread_blocked, id=6580, stack(0x0000006dc9100000,0x0000006dc9200000)]
  0x00000200ffd5ddc0 JavaThread "Common-Cleaner" daemon [_thread_blocked, id=19260, stack(0x0000006dc9200000,0x0000006dc9300000)]
  0x00000200ffd5fda0 JavaThread "Monitor Ctrl-Break" daemon [_thread_in_native, id=27884, stack(0x0000006dc9300000,0x0000006dc9400000)]
  0x00000200ffd5e310 JavaThread "Notification Thread" daemon [_thread_blocked, id=21964, stack(0x0000006dc9400000,0x0000006dc9500000)]

Other Threads:
  0x00000200ffd3d7b0 VMThread "VM Thread" [stack: 0x0000006dc8800000,0x0000006dc8900000] [id=8660]
  0x00000200932682d0 WatcherThread "VM Periodic Task Thread" [stack: 0x0000006dc9500000,0x0000006dc9600000] [id=24204]
  0x00000200f1908270 WorkerThread "GC Thread#0" [stack: 0x0000006dc8300000,0x0000006dc8400000] [id=9492]
  0x00000200f1911f20 ConcurrentGCThread "G1 Main Marker" [stack: 0x0000006dc8400000,0x0000006dc8500000] [id=7692]
  0x00000200f1912bc0 WorkerThread "G1 Conc#0" [stack: 0x0000006dc8500000,0x0000006dc8600000] [id=26716]
  0x00000200ffbf20b0 ConcurrentGCThread "G1 Refine#0" [stack: 0x0000006dc8600000,0x0000006dc8700000] [id=13320]
  0x00000200ffbf2580 ConcurrentGCThread "G1 Service" [stack: 0x0000006dc8700000,0x0000006dc8800000] [id=28016]

Threads with active compile tasks:
C2 CompilerThread0     2359  878       4       java.util.concurrent.ConcurrentHashMap::get (162 bytes)
C1 CompilerThread0     2359  868       3       java.net.URLStreamHandler::parseURL (1124 bytes)

VM state: not at safepoint (normal execution)

VM Mutex/Monitor currently owned by a thread: None

Heap address: 0x00000000a1c00000, size: 1508 MB, Compressed Oops mode: 32-bit

CDS archive(s) mapped at: [0x0000000800000000-0x0000000800c30000-0x0000000800c30000), size 12779520, SharedBaseAddress: 0x0000000800000000, ArchiveRelocationMode: 0.
Compressed class space mapped at: 0x0000000801000000-0x0000000841000000, reserved size: 1073741824
Narrow klass base: 0x0000000800000000, Narrow klass shift: 0, Narrow klass range: 0x100000000

GC Precious Log:
 CardTable entry size: 512
 Card Set container configuration: InlinePtr #cards 5 size 8 Array Of Cards #cards 12 size 40 Howl #buckets 4 coarsen threshold 1843 Howl Bitmap #cards 512 size 80 coarsen threshold 460 Card regions per heap region 1 cards per card region 2048
 CPUs: 8 total, 8 available
 Memory: 6030M
 Large Page Support: Disabled
 NUMA Support: Disabled
 Compressed Oops: Enabled (32-bit)
 Heap Region Size: 1M
 Heap Min Capacity: 8M
 Heap Initial Capacity: 96M
 Heap Max Capacity: 1508M
 Pre-touch: Disabled
 Parallel Workers: 8
 Concurrent Workers: 2
 Concurrent Refinement Workers: 8
 Periodic GC: Disabled

Heap:
 garbage-first heap   total 98304K, used 15360K [0x00000000a1c00000, 0x0000000100000000)
  region size 1024K, 16 young (16384K), 0 survivors (0K)
 Metaspace       used 3780K, committed 3968K, reserved 1114112K
  class space    used 358K, committed 448K, reserved 1048576K

Heap Regions: E=young(eden), S=young(survivor), O=old, HS=humongous(starts), HC=humongous(continues), CS=collection set, F=free, OA=open archive, CA=closed archive, TAMS=top-at-mark-start (previous, next)
|   0|0x00000000a1c00000, 0x00000000a1d00000, 0x00000000a1d00000|100%|HS|  |TAMS 0x00000000a1c00000, 0x00000000a1c00000| Complete 
|   1|0x00000000a1d00000, 0x00000000a1d00000, 0x00000000a1e00000|  0%| F|  |TAMS 0x00000000a1d00000, 0x00000000a1d00000| Untracked 
|   2|0x00000000a1e00000, 0x00000000a1e00000, 0x00000000a1f00000|  0%| F|  |TAMS 0x00000000a1e00000, 0x00000000a1e00000| Untracked 
|   3|0x00000000a1f00000, 0x00000000a1f00000, 0x00000000a2000000|  0%| F|  |TAMS 0x00000000a1f00000, 0x00000000a1f00000| Untracked 
|   4|0x00000000a2000000, 0x00000000a2000000, 0x00000000a2100000|  0%| F|  |TAMS 0x00000000a2000000, 0x00000000a2000000| Untracked 
|   5|0x00000000a2100000, 0x00000000a2100000, 0x00000000a2200000|  0%| F|  |TAMS 0x00000000a2100000, 0x00000000a2100000| Untracked 
|   6|0x00000000a2200000, 0x00000000a2200000, 0x00000000a2300000|  0%| F|  |TAMS 0x00000000a2200000, 0x00000000a2200000| Untracked 
|   7|0x00000000a2300000, 0x00000000a2300000, 0x00000000a2400000|  0%| F|  |TAMS 0x00000000a2300000, 0x00000000a2300000| Untracked 
|   8|0x00000000a2400000, 0x00000000a2400000, 0x00000000a2500000|  0%| F|  |TAMS 0x00000000a2400000, 0x00000000a2400000| Untracked 
|   9|0x00000000a2500000, 0x00000000a2500000, 0x00000000a2600000|  0%| F|  |TAMS 0x00000000a2500000, 0x00000000a2500000| Untracked 
|  10|0x00000000a2600000, 0x00000000a2600000, 0x00000000a2700000|  0%| F|  |TAMS 0x00000000a2600000, 0x00000000a2600000| Untracked 
|  11|0x00000000a2700000, 0x00000000a2700000, 0x00000000a2800000|  0%| F|  |TAMS 0x00000000a2700000, 0x00000000a2700000| Untracked 
|  12|0x00000000a2800000, 0x00000000a2800000, 0x00000000a2900000|  0%| F|  |TAMS 0x00000000a2800000, 0x00000000a2800000| Untracked 
|  13|0x00000000a2900000, 0x00000000a2900000, 0x00000000a2a00000|  0%| F|  |TAMS 0x00000000a2900000, 0x00000000a2900000| Untracked 
|  14|0x00000000a2a00000, 0x00000000a2a00000, 0x00000000a2b00000|  0%| F|  |TAMS 0x00000000a2a00000, 0x00000000a2a00000| Untracked 
|  15|0x00000000a2b00000, 0x00000000a2b00000, 0x00000000a2c00000|  0%| F|  |TAMS 0x00000000a2b00000, 0x00000000a2b00000| Untracked 
|  16|0x00000000a2c00000, 0x00000000a2c00000, 0x00000000a2d00000|  0%| F|  |TAMS 0x00000000a2c00000, 0x00000000a2c00000| Untracked 
|  17|0x00000000a2d00000, 0x00000000a2d00000, 0x00000000a2e00000|  0%| F|  |TAMS 0x00000000a2d00000, 0x00000000a2d00000| Untracked 
|  18|0x00000000a2e00000, 0x00000000a2e00000, 0x00000000a2f00000|  0%| F|  |TAMS 0x00000000a2e00000, 0x00000000a2e00000| Untracked 
|  19|0x00000000a2f00000, 0x00000000a2f00000, 0x00000000a3000000|  0%| F|  |TAMS 0x00000000a2f00000, 0x00000000a2f00000| Untracked 
|  20|0x00000000a3000000, 0x00000000a3000000, 0x00000000a3100000|  0%| F|  |TAMS 0x00000000a3000000, 0x00000000a3000000| Untracked 
|  21|0x00000000a3100000, 0x00000000a3100000, 0x00000000a3200000|  0%| F|  |TAMS 0x00000000a3100000, 0x00000000a3100000| Untracked 
|  22|0x00000000a3200000, 0x00000000a3200000, 0x00000000a3300000|  0%| F|  |TAMS 0x00000000a3200000, 0x00000000a3200000| Untracked 
|  23|0x00000000a3300000, 0x00000000a3300000, 0x00000000a3400000|  0%| F|  |TAMS 0x00000000a3300000, 0x00000000a3300000| Untracked 
|  24|0x00000000a3400000, 0x00000000a3400000, 0x00000000a3500000|  0%| F|  |TAMS 0x00000000a3400000, 0x00000000a3400000| Untracked 
|  25|0x00000000a3500000, 0x00000000a3500000, 0x00000000a3600000|  0%| F|  |TAMS 0x00000000a3500000, 0x00000000a3500000| Untracked 
|  26|0x00000000a3600000, 0x00000000a3600000, 0x00000000a3700000|  0%| F|  |TAMS 0x00000000a3600000, 0x00000000a3600000| Untracked 
|  27|0x00000000a3700000, 0x00000000a3700000, 0x00000000a3800000|  0%| F|  |TAMS 0x00000000a3700000, 0x00000000a3700000| Untracked 
|  28|0x00000000a3800000, 0x00000000a3800000, 0x00000000a3900000|  0%| F|  |TAMS 0x00000000a3800000, 0x00000000a3800000| Untracked 
|  29|0x00000000a3900000, 0x00000000a3900000, 0x00000000a3a00000|  0%| F|  |TAMS 0x00000000a3900000, 0x00000000a3900000| Untracked 
|  30|0x00000000a3a00000, 0x00000000a3a00000, 0x00000000a3b00000|  0%| F|  |TAMS 0x00000000a3a00000, 0x00000000a3a00000| Untracked 
|  31|0x00000000a3b00000, 0x00000000a3b00000, 0x00000000a3c00000|  0%| F|  |TAMS 0x00000000a3b00000, 0x00000000a3b00000| Untracked 
|  32|0x00000000a3c00000, 0x00000000a3c00000, 0x00000000a3d00000|  0%| F|  |TAMS 0x00000000a3c00000, 0x00000000a3c00000| Untracked 
|  33|0x00000000a3d00000, 0x00000000a3d00000, 0x00000000a3e00000|  0%| F|  |TAMS 0x00000000a3d00000, 0x00000000a3d00000| Untracked 
|  34|0x00000000a3e00000, 0x00000000a3e00000, 0x00000000a3f00000|  0%| F|  |TAMS 0x00000000a3e00000, 0x00000000a3e00000| Untracked 
|  35|0x00000000a3f00000, 0x00000000a3f00000, 0x00000000a4000000|  0%| F|  |TAMS 0x00000000a3f00000, 0x00000000a3f00000| Untracked 
|  36|0x00000000a4000000, 0x00000000a4000000, 0x00000000a4100000|  0%| F|  |TAMS 0x00000000a4000000, 0x00000000a4000000| Untracked 
|  37|0x00000000a4100000, 0x00000000a4100000, 0x00000000a4200000|  0%| F|  |TAMS 0x00000000a4100000, 0x00000000a4100000| Untracked 
|  38|0x00000000a4200000, 0x00000000a4200000, 0x00000000a4300000|  0%| F|  |TAMS 0x00000000a4200000, 0x00000000a4200000| Untracked 
|  39|0x00000000a4300000, 0x00000000a4300000, 0x00000000a4400000|  0%| F|  |TAMS 0x00000000a4300000, 0x00000000a4300000| Untracked 
|  40|0x00000000a4400000, 0x00000000a4400000, 0x00000000a4500000|  0%| F|  |TAMS 0x00000000a4400000, 0x00000000a4400000| Untracked 
|  41|0x00000000a4500000, 0x00000000a4500000, 0x00000000a4600000|  0%| F|  |TAMS 0x00000000a4500000, 0x00000000a4500000| Untracked 
|  42|0x00000000a4600000, 0x00000000a4600000, 0x00000000a4700000|  0%| F|  |TAMS 0x00000000a4600000, 0x00000000a4600000| Untracked 
|  43|0x00000000a4700000, 0x00000000a4700000, 0x00000000a4800000|  0%| F|  |TAMS 0x00000000a4700000, 0x00000000a4700000| Untracked 
|  44|0x00000000a4800000, 0x00000000a4800000, 0x00000000a4900000|  0%| F|  |TAMS 0x00000000a4800000, 0x00000000a4800000| Untracked 
|  45|0x00000000a4900000, 0x00000000a4900000, 0x00000000a4a00000|  0%| F|  |TAMS 0x00000000a4900000, 0x00000000a4900000| Untracked 
|  46|0x00000000a4a00000, 0x00000000a4a00000, 0x00000000a4b00000|  0%| F|  |TAMS 0x00000000a4a00000, 0x00000000a4a00000| Untracked 
|  47|0x00000000a4b00000, 0x00000000a4b00000, 0x00000000a4c00000|  0%| F|  |TAMS 0x00000000a4b00000, 0x00000000a4b00000| Untracked 
|  48|0x00000000a4c00000, 0x00000000a4c00000, 0x00000000a4d00000|  0%| F|  |TAMS 0x00000000a4c00000, 0x00000000a4c00000| Untracked 
|  49|0x00000000a4d00000, 0x00000000a4d00000, 0x00000000a4e00000|  0%| F|  |TAMS 0x00000000a4d00000, 0x00000000a4d00000| Untracked 
|  50|0x00000000a4e00000, 0x00000000a4e00000, 0x00000000a4f00000|  0%| F|  |TAMS 0x00000000a4e00000, 0x00000000a4e00000| Untracked 
|  51|0x00000000a4f00000, 0x00000000a4f00000, 0x00000000a5000000|  0%| F|  |TAMS 0x00000000a4f00000, 0x00000000a4f00000| Untracked 
|  52|0x00000000a5000000, 0x00000000a5000000, 0x00000000a5100000|  0%| F|  |TAMS 0x00000000a5000000, 0x00000000a5000000| Untracked 
|  53|0x00000000a5100000, 0x00000000a5100000, 0x00000000a5200000|  0%| F|  |TAMS 0x00000000a5100000, 0x00000000a5100000| Untracked 
|  54|0x00000000a5200000, 0x00000000a5200000, 0x00000000a5300000|  0%| F|  |TAMS 0x00000000a5200000, 0x00000000a5200000| Untracked 
|  55|0x00000000a5300000, 0x00000000a5300000, 0x00000000a5400000|  0%| F|  |TAMS 0x00000000a5300000, 0x00000000a5300000| Untracked 
|  56|0x00000000a5400000, 0x00000000a5400000, 0x00000000a5500000|  0%| F|  |TAMS 0x00000000a5400000, 0x00000000a5400000| Untracked 
|  57|0x00000000a5500000, 0x00000000a5500000, 0x00000000a5600000|  0%| F|  |TAMS 0x00000000a5500000, 0x00000000a5500000| Untracked 
|  58|0x00000000a5600000, 0x00000000a5600000, 0x00000000a5700000|  0%| F|  |TAMS 0x00000000a5600000, 0x00000000a5600000| Untracked 
|  59|0x00000000a5700000, 0x00000000a5700000, 0x00000000a5800000|  0%| F|  |TAMS 0x00000000a5700000, 0x00000000a5700000| Untracked 
|  60|0x00000000a5800000, 0x00000000a5800000, 0x00000000a5900000|  0%| F|  |TAMS 0x00000000a5800000, 0x00000000a5800000| Untracked 
|  61|0x00000000a5900000, 0x00000000a5900000, 0x00000000a5a00000|  0%| F|  |TAMS 0x00000000a5900000, 0x00000000a5900000| Untracked 
|  62|0x00000000a5a00000, 0x00000000a5a00000, 0x00000000a5b00000|  0%| F|  |TAMS 0x00000000a5a00000, 0x00000000a5a00000| Untracked 
|  63|0x00000000a5b00000, 0x00000000a5b00000, 0x00000000a5c00000|  0%| F|  |TAMS 0x00000000a5b00000, 0x00000000a5b00000| Untracked 
|  64|0x00000000a5c00000, 0x00000000a5c00000, 0x00000000a5d00000|  0%| F|  |TAMS 0x00000000a5c00000, 0x00000000a5c00000| Untracked 
|  65|0x00000000a5d00000, 0x00000000a5d00000, 0x00000000a5e00000|  0%| F|  |TAMS 0x00000000a5d00000, 0x00000000a5d00000| Untracked 
|  66|0x00000000a5e00000, 0x00000000a5e00000, 0x00000000a5f00000|  0%| F|  |TAMS 0x00000000a5e00000, 0x00000000a5e00000| Untracked 
|  67|0x00000000a5f00000, 0x00000000a5f00000, 0x00000000a6000000|  0%| F|  |TAMS 0x00000000a5f00000, 0x00000000a5f00000| Untracked 
|  68|0x00000000a6000000, 0x00000000a6000000, 0x00000000a6100000|  0%| F|  |TAMS 0x00000000a6000000, 0x00000000a6000000| Untracked 
|  69|0x00000000a6100000, 0x00000000a6100000, 0x00000000a6200000|  0%| F|  |TAMS 0x00000000a6100000, 0x00000000a6100000| Untracked 
|  70|0x00000000a6200000, 0x00000000a6200000, 0x00000000a6300000|  0%| F|  |TAMS 0x00000000a6200000, 0x00000000a6200000| Untracked 
|  71|0x00000000a6300000, 0x00000000a6300000, 0x00000000a6400000|  0%| F|  |TAMS 0x00000000a6300000, 0x00000000a6300000| Untracked 
|  72|0x00000000a6400000, 0x00000000a6400000, 0x00000000a6500000|  0%| F|  |TAMS 0x00000000a6400000, 0x00000000a6400000| Untracked 
|  73|0x00000000a6500000, 0x00000000a6500000, 0x00000000a6600000|  0%| F|  |TAMS 0x00000000a6500000, 0x00000000a6500000| Untracked 
|  74|0x00000000a6600000, 0x00000000a6600000, 0x00000000a6700000|  0%| F|  |TAMS 0x00000000a6600000, 0x00000000a6600000| Untracked 
|  75|0x00000000a6700000, 0x00000000a6700000, 0x00000000a6800000|  0%| F|  |TAMS 0x00000000a6700000, 0x00000000a6700000| Untracked 
|  76|0x00000000a6800000, 0x00000000a6800000, 0x00000000a6900000|  0%| F|  |TAMS 0x00000000a6800000, 0x00000000a6800000| Untracked 
|  77|0x00000000a6900000, 0x00000000a6900000, 0x00000000a6a00000|  0%| F|  |TAMS 0x00000000a6900000, 0x00000000a6900000| Untracked 
|  78|0x00000000a6a00000, 0x00000000a6a00000, 0x00000000a6b00000|  0%| F|  |TAMS 0x00000000a6a00000, 0x00000000a6a00000| Untracked 
|  79|0x00000000a6b00000, 0x00000000a6b00000, 0x00000000a6c00000|  0%| F|  |TAMS 0x00000000a6b00000, 0x00000000a6b00000| Untracked 
|  80|0x00000000a6c00000, 0x00000000a6cef168, 0x00000000a6d00000| 93%| E|  |TAMS 0x00000000a6c00000, 0x00000000a6c00000| Complete 
|  81|0x00000000a6d00000, 0x00000000a6e00000, 0x00000000a6e00000|100%| E|CS|TAMS 0x00000000a6d00000, 0x00000000a6d00000| Complete 
|  82|0x00000000a6e00000, 0x00000000a6f00000, 0x00000000a6f00000|100%| E|CS|TAMS 0x00000000a6e00000, 0x00000000a6e00000| Complete 
|  83|0x00000000a6f00000, 0x00000000a7000000, 0x00000000a7000000|100%| E|CS|TAMS 0x00000000a6f00000, 0x00000000a6f00000| Complete 
|  84|0x00000000a7000000, 0x00000000a7100000, 0x00000000a7100000|100%| E|CS|TAMS 0x00000000a7000000, 0x00000000a7000000| Complete 
|  85|0x00000000a7100000, 0x00000000a7200000, 0x00000000a7200000|100%| E|CS|TAMS 0x00000000a7100000, 0x00000000a7100000| Complete 
|  86|0x00000000a7200000, 0x00000000a7300000, 0x00000000a7300000|100%| E|CS|TAMS 0x00000000a7200000, 0x00000000a7200000| Complete 
|  87|0x00000000a7300000, 0x00000000a7400000, 0x00000000a7400000|100%| E|CS|TAMS 0x00000000a7300000, 0x00000000a7300000| Complete 
|  88|0x00000000a7400000, 0x00000000a7500000, 0x00000000a7500000|100%| E|CS|TAMS 0x00000000a7400000, 0x00000000a7400000| Complete 
|  89|0x00000000a7500000, 0x00000000a7600000, 0x00000000a7600000|100%| E|  |TAMS 0x00000000a7500000, 0x00000000a7500000| Complete 
|  90|0x00000000a7600000, 0x00000000a7700000, 0x00000000a7700000|100%| E|CS|TAMS 0x00000000a7600000, 0x00000000a7600000| Complete 
|  91|0x00000000a7700000, 0x00000000a7800000, 0x00000000a7800000|100%| E|CS|TAMS 0x00000000a7700000, 0x00000000a7700000| Complete 
|  92|0x00000000a7800000, 0x00000000a7900000, 0x00000000a7900000|100%| E|CS|TAMS 0x00000000a7800000, 0x00000000a7800000| Complete 
|  93|0x00000000a7900000, 0x00000000a7a00000, 0x00000000a7a00000|100%| E|CS|TAMS 0x00000000a7900000, 0x00000000a7900000| Complete 
|  94|0x00000000a7a00000, 0x00000000a7b00000, 0x00000000a7b00000|100%| E|CS|TAMS 0x00000000a7a00000, 0x00000000a7a00000| Complete 
|  95|0x00000000a7b00000, 0x00000000a7c00000, 0x00000000a7c00000|100%| E|CS|TAMS 0x00000000a7b00000, 0x00000000a7b00000| Complete 

Card table byte_map: [0x00000200f9e30000,0x00000200fa130000] _byte_map_base: 0x00000200f9922000

Marking Bits (Prev, Next): (CMBitMap*) 0x00000200f19088a0, (CMBitMap*) 0x00000200f19088e0
 Prev Bits: [0x00000200fa430000, 0x00000200fbbc0000)
 Next Bits: [0x00000200fbbc0000, 0x00000200fd350000)

Polling page: 0x00000200eebb0000

Metaspace:

Usage:
  Non-class:      3.36 MB used.
      Class:    361.63 KB used.
       Both:      3.72 MB used.

Virtual space:
  Non-class space:       64.00 MB reserved,       3.44 MB (  5%) committed,  1 nodes.
      Class space:        1.00 GB reserved,     448.00 KB ( <1%) committed,  1 nodes.
             Both:        1.06 GB reserved,       3.88 MB ( <1%) committed. 

Chunk freelists:
   Non-Class:  2.81 MB
       Class:  3.58 MB
        Both:  6.39 MB

MaxMetaspaceSize: unlimited
CompressedClassSpaceSize: 1.00 GB
Initial GC threshold: 21.00 MB
Current GC threshold: 21.00 MB
CDS: on
MetaspaceReclaimPolicy: balanced
 - commit_granule_bytes: 65536.
 - commit_granule_words: 8192.
 - virtual_space_node_default_size: 8388608.
 - enlarge_chunks_in_place: 1.
 - new_chunks_are_fully_committed: 0.
 - uncommit_free_chunks: 1.
 - use_allocation_guard: 0.


Internal statistics:

num_allocs_failed_limit: 0.
num_arena_births: 44.
num_arena_deaths: 0.
num_vsnodes_births: 2.
num_vsnodes_deaths: 0.
num_space_committed: 63.
num_space_uncommitted: 0.
num_chunks_returned_to_freelist: 0.
num_chunks_taken_from_freelist: 127.
num_chunk_merges: 0.
num_chunk_splits: 75.
num_chunks_enlarged: 50.
num_inconsistent_stats: 0.

CodeHeap 'non-profiled nmethods': size=120000Kb used=310Kb max_used=310Kb free=119689Kb
 bounds [0x0000020087ad0000, 0x0000020087d40000, 0x000002008f000000]
CodeHeap 'profiled nmethods': size=120000Kb used=1497Kb max_used=1497Kb free=118502Kb
 bounds [0x0000020080000000, 0x0000020080270000, 0x0000020087530000]
CodeHeap 'non-nmethods': size=5760Kb used=1235Kb max_used=1255Kb free=4524Kb
 bounds [0x0000020087530000, 0x00000200877a0000, 0x0000020087ad0000]
 total_blobs=1318 nmethods=869 adapters=360
 compilation: enabled
              stopped_count=0, restarted_count=0
 full_count=0

Compilation events (20 events):
Event: 2.223 Thread 0x00000200ffd683e0 nmethod 857 0x0000020080173f90 code [0x0000020080174140, 0x00000200801743b0]
Event: 2.224 Thread 0x00000200ffd683e0  858       3       java.util.concurrent.locks.ReentrantLock$Sync::<init> (5 bytes)
Event: 2.224 Thread 0x00000200ffd683e0 nmethod 858 0x0000020080174510 code [0x00000200801746c0, 0x00000200801748d0]
Event: 2.224 Thread 0x00000200ffd683e0  859       3       java.lang.Number::<init> (5 bytes)
Event: 2.224 Thread 0x00000200ffd683e0 nmethod 859 0x0000020080174a10 code [0x0000020080174bc0, 0x0000020080174d10]
Event: 2.224 Thread 0x00000200ffd683e0  860       3       java.lang.Byte::<init> (10 bytes)
Event: 2.224 Thread 0x00000200ffd683e0 nmethod 860 0x0000020080174e10 code [0x0000020080174fc0, 0x0000020080175190]
Event: 2.225 Thread 0x00000200ffd683e0  861       3       java.lang.Short::<init> (10 bytes)
Event: 2.225 Thread 0x00000200ffd683e0 nmethod 861 0x0000020080175290 code [0x0000020080175440, 0x0000020080175610]
Event: 2.225 Thread 0x00000200ffd683e0  862       3       java.lang.Long::<init> (10 bytes)
Event: 2.225 Thread 0x00000200ffd683e0 nmethod 862 0x0000020080175710 code [0x00000200801758c0, 0x0000020080175a90]
Event: 2.236 Thread 0x00000200ffd683e0  864       3       java.lang.invoke.MemberName::getName (25 bytes)
Event: 2.236 Thread 0x00000200ffd683e0 nmethod 864 0x0000020080175b90 code [0x0000020080175d60, 0x00000200801760e0]
Event: 2.236 Thread 0x00000200ffd683e0  865       3       jdk.internal.org.objectweb.asm.ClassReader::readUnsignedShort (26 bytes)
Event: 2.236 Thread 0x00000200ffd683e0 nmethod 865 0x0000020080176210 code [0x00000200801763c0, 0x0000020080176530]
Event: 2.237 Thread 0x00000200ffd683e0  866       1       java.lang.invoke.MethodType::rtype (5 bytes)
Event: 2.237 Thread 0x00000200ffd683e0 nmethod 866 0x0000020087b19410 code [0x0000020087b195a0, 0x0000020087b19650]
Event: 2.240 Thread 0x00000200ffd683e0  867       1       java.util.concurrent.CopyOnWriteArrayList::setArray (6 bytes)
Event: 2.240 Thread 0x00000200ffd683e0 nmethod 867 0x0000020087b19710 code [0x0000020087b198a0, 0x0000020087b199b0]
Event: 2.245 Thread 0x00000200ffd683e0  868       3       java.net.URLStreamHandler::parseURL (1124 bytes)

GC Heap History (0 events):
No events

Dll operation events (11 events):
Event: 0.040 Loaded shared library C:\Users\EQUIPO\.jdks\openjdk-19.0.1\bin\java.dll
Event: 0.087 Loaded shared library C:\Users\EQUIPO\.jdks\openjdk-19.0.1\bin\jsvml.dll
Event: 0.847 Loaded shared library C:\Users\EQUIPO\.jdks\openjdk-19.0.1\bin\zip.dll
Event: 0.872 Loaded shared library C:\Users\EQUIPO\.jdks\openjdk-19.0.1\bin\instrument.dll
Event: 0.885 Loaded shared library C:\Users\EQUIPO\.jdks\openjdk-19.0.1\bin\net.dll
Event: 0.891 Loaded shared library C:\Users\EQUIPO\.jdks\openjdk-19.0.1\bin\nio.dll
Event: 0.910 Loaded shared library C:\Users\EQUIPO\.jdks\openjdk-19.0.1\bin\zip.dll
Event: 1.495 Loaded shared library C:\Program Files\JetBrains\IntelliJ IDEA Community Edition 2022.2.3\bin\breakgen64.dll
Event: 1.499 Loaded shared library C:\Users\EQUIPO\.jdks\openjdk-19.0.1\bin\jimage.dll
Event: 1.528 Loaded shared library C:\Users\EQUIPO\.jdks\openjdk-19.0.1\bin\extnet.dll
Event: 1.596 Loaded shared library C:\Users\EQUIPO\.jdks\openjdk-19.0.1\bin\verify.dll

Deoptimization events (20 events):
Event: 1.925 Thread 0x00000200f18b78a0 Uncommon trap: trap_request=0xffffff45 fr.pc=0x0000020087af717c relative=0x000000000000005c
Event: 1.925 Thread 0x00000200f18b78a0 Uncommon trap: reason=unstable_if action=reinterpret pc=0x0000020087af717c method=java.lang.AbstractStringBuilder.isLatin1()Z @ 10 c2
Event: 1.925 Thread 0x00000200f18b78a0 DEOPT PACKING pc=0x0000020087af717c sp=0x0000006dc82fd7c0
Event: 1.925 Thread 0x00000200f18b78a0 DEOPT UNPACKING pc=0x0000020087596d9b sp=0x0000006dc82fd750 mode 2
Event: 1.963 Thread 0x00000200f18b78a0 Uncommon trap: trap_request=0xffffff45 fr.pc=0x0000020087ae4638 relative=0x0000000000000038
Event: 1.963 Thread 0x00000200f18b78a0 Uncommon trap: reason=unstable_if action=reinterpret pc=0x0000020087ae4638 method=java.lang.StringLatin1.canEncode(I)Z @ 4 c2
Event: 1.963 Thread 0x00000200f18b78a0 DEOPT PACKING pc=0x0000020087ae4638 sp=0x0000006dc82fcda0
Event: 1.963 Thread 0x00000200f18b78a0 DEOPT UNPACKING pc=0x0000020087596d9b sp=0x0000006dc82fcd30 mode 2
Event: 2.000 Thread 0x00000200f18b78a0 DEOPT PACKING pc=0x000002008000f5e5 sp=0x0000006dc82fd8b0
Event: 2.000 Thread 0x00000200f18b78a0 DEOPT UNPACKING pc=0x000002008759753b sp=0x0000006dc82fcd00 mode 0
Event: 2.062 Thread 0x00000200f18b78a0 DEOPT PACKING pc=0x00000200800446e8 sp=0x0000006dc82fe1c0
Event: 2.062 Thread 0x00000200f18b78a0 DEOPT UNPACKING pc=0x000002008759753b sp=0x0000006dc82fd650 mode 0
Event: 2.062 Thread 0x00000200f18b78a0 DEOPT PACKING pc=0x00000200800446e8 sp=0x0000006dc82fe1c0
Event: 2.062 Thread 0x00000200f18b78a0 DEOPT UNPACKING pc=0x000002008759753b sp=0x0000006dc82fd650 mode 0
Event: 2.062 Thread 0x00000200f18b78a0 DEOPT PACKING pc=0x000002008004e136 sp=0x0000006dc82fe0b0
Event: 2.062 Thread 0x00000200f18b78a0 DEOPT UNPACKING pc=0x000002008759753b sp=0x0000006dc82fd5a8 mode 0
Event: 2.109 Thread 0x00000200f18b78a0 Uncommon trap: trap_request=0xffffff45 fr.pc=0x0000020087ae4984 relative=0x0000000000000064
Event: 2.109 Thread 0x00000200f18b78a0 Uncommon trap: reason=unstable_if action=reinterpret pc=0x0000020087ae4984 method=java.io.WinNTFileSystem.isSlash(C)Z @ 9 c2
Event: 2.109 Thread 0x00000200f18b78a0 DEOPT PACKING pc=0x0000020087ae4984 sp=0x0000006dc82feb60
Event: 2.109 Thread 0x00000200f18b78a0 DEOPT UNPACKING pc=0x0000020087596d9b sp=0x0000006dc82feae8 mode 2

Classes loaded (20 events):
Event: 2.111 Loading class sun/net/www/protocol/jar/JarURLConnection$JarURLInputStream
Event: 2.112 Loading class sun/net/www/protocol/jar/JarURLConnection$JarURLInputStream done
Event: 2.150 Loading class java/util/stream/DistinctOps
Event: 2.150 Loading class java/util/stream/DistinctOps done
Event: 2.150 Loading class java/util/stream/DistinctOps$1
Event: 2.151 Loading class java/util/stream/ReferencePipeline$StatefulOp
Event: 2.151 Loading class java/util/stream/ReferencePipeline$StatefulOp done
Event: 2.151 Loading class java/util/stream/DistinctOps$1 done
Event: 2.160 Loading class java/util/stream/DistinctOps$1$2
Event: 2.160 Loading class java/util/stream/DistinctOps$1$2 done
Event: 2.168 Loading class java/lang/invoke/DirectMethodHandle$Special
Event: 2.169 Loading class java/lang/invoke/DirectMethodHandle$Special done
Event: 2.187 Loading class java/util/LinkedHashMap$LinkedKeyIterator
Event: 2.187 Loading class java/util/LinkedHashMap$LinkedKeyIterator done
Event: 2.223 Loading class java/lang/Byte$ByteCache
Event: 2.224 Loading class java/lang/Byte$ByteCache done
Event: 2.224 Loading class java/lang/Short$ShortCache
Event: 2.224 Loading class java/lang/Short$ShortCache done
Event: 2.229 Loading class java/lang/reflect/UndeclaredThrowableException
Event: 2.229 Loading class java/lang/reflect/UndeclaredThrowableException done

Classes unloaded (0 events):
No events

Classes redefined (0 events):
No events

Internal exceptions (8 events):
Event: 1.468 Thread 0x00000200f18b78a0 Exception <a 'java/lang/NoSuchMethodError'{0x00000000a7469de8}: 'void java.lang.invoke.DirectMethodHandle$Holder.invokeStatic(java.lang.Object, java.lang.Object, java.lang.Object)'> (0x00000000a7469de8) 
thrown [s\open\src\hotspot\share\interpreter\linkResolver.cpp, line 774]
Event: 1.482 Thread 0x00000200f18b78a0 Exception <a 'java/lang/NoSuchMethodError'{0x00000000a74823e0}: 'java.lang.Object java.lang.invoke.Invokers$Holder.invokeExact_MT(java.lang.Object, java.lang.Object, java.lang.Object, java.lang.Object, java.lang.Object)'> (0x00000000a74823e0) 
thrown [s\open\src\hotspot\share\interpreter\linkResolver.cpp, line 774]
Event: 1.534 Thread 0x00000200ffd5fda0 Exception <a 'java/lang/NoSuchMethodError'{0x00000000a737e200}: 'void java.lang.invoke.DirectMethodHandle$Holder.invokeStatic(java.lang.Object, java.lang.Object)'> (0x00000000a737e200) 
thrown [s\open\src\hotspot\share\interpreter\linkResolver.cpp, line 774]
Event: 1.577 Thread 0x00000200ffd591a0 Exception <a 'java/lang/NoSuchMethodError'{0x00000000a7272c10}: 'java.lang.Object java.lang.invoke.Invokers$Holder.invokeExact_MT(java.lang.Object, java.lang.Object, java.lang.Object, java.lang.Object, java.lang.Object, java.lang.Object)'> (0x00000000a7272c10) 
thrown [s\open\src\hotspot\share\interpreter\linkResolver.cpp, line 774]
Event: 1.754 Thread 0x00000200f18b78a0 Exception <a 'java/lang/ClassNotFoundException'{0x00000000a700c390}: javax/smartcardio/CardPermission> (0x00000000a700c390) 
thrown [s\open\src\hotspot\share\classfile\systemDictionary.cpp, line 255]
Event: 1.770 Thread 0x00000200f18b78a0 Exception <a 'java/io/FileNotFoundException'{0x00000000a701a808}> (0x00000000a701a808) 
thrown [s\open\src\hotspot\share\prims\jni.cpp, line 517]
Event: 2.156 Thread 0x00000200f18b78a0 Exception <a 'java/lang/NoSuchMethodError'{0x00000000a6d1a320}: 'java.lang.Object java.lang.invoke.DirectMethodHandle$Holder.invokeSpecialIFC(java.lang.Object, java.lang.Object, java.lang.Object, java.lang.Object)'> (0x00000000a6d1a320) 
thrown [s\open\src\hotspot\share\interpreter\linkResolver.cpp, line 774]
Event: 2.232 Thread 0x00000200f18b78a0 Exception <a 'java/lang/NoSuchMethodError'{0x00000000a6db99e0}: 'int java.lang.invoke.DirectMethodHandle$Holder.invokeStaticInit(java.lang.Object, java.lang.Object)'> (0x00000000a6db99e0) 
thrown [s\open\src\hotspot\share\interpreter\linkResolver.cpp, line 774]

VM Operations (12 events):
Event: 0.805 Executing VM operation: HandshakeAllThreads
Event: 0.805 Executing VM operation: HandshakeAllThreads done
Event: 1.507 Executing VM operation: HandshakeAllThreads
Event: 1.507 Executing VM operation: HandshakeAllThreads done
Event: 1.507 Executing VM operation: Cleanup
Event: 1.507 Executing VM operation: Cleanup done
Event: 1.529 Executing VM operation: HandshakeAllThreads
Event: 1.529 Executing VM operation: HandshakeAllThreads done
Event: 1.954 Executing VM operation: HandshakeAllThreads
Event: 1.954 Executing VM operation: HandshakeAllThreads done
Event: 2.107 Executing VM operation: HandshakeAllThreads
Event: 2.108 Executing VM operation: HandshakeAllThreads done

Events (13 events):
Event: 0.088 Thread 0x00000200f18b78a0 Thread added: 0x00000200f18b78a0
Event: 0.141 Thread 0x00000200ffd53960 Thread added: 0x00000200ffd53960
Event: 0.141 Thread 0x00000200ffd54360 Thread added: 0x00000200ffd54360
Event: 0.154 Thread 0x00000200ffd55840 Thread added: 0x00000200ffd55840
Event: 0.154 Thread 0x00000200ffd591a0 Thread added: 0x00000200ffd591a0
Event: 0.155 Thread 0x00000200ffd5a830 Thread added: 0x00000200ffd5a830
Event: 0.155 Thread 0x00000200ffd602f0 Thread added: 0x00000200ffd602f0
Event: 0.155 Thread 0x00000200ffd6a8a0 Thread added: 0x00000200ffd6a8a0
Event: 0.156 Thread 0x00000200ffd683e0 Thread added: 0x00000200ffd683e0
Event: 0.156 Thread 0x00000200ffd5d870 Thread added: 0x00000200ffd5d870
Event: 0.779 Thread 0x00000200ffd5ddc0 Thread added: 0x00000200ffd5ddc0
Event: 1.497 Thread 0x00000200ffd5fda0 Thread added: 0x00000200ffd5fda0
Event: 1.497 Thread 0x00000200ffd5e310 Thread added: 0x00000200ffd5e310


Dynamic libraries:
0x00007ff73f100000 - 0x00007ff73f10e000 	C:\Users\EQUIPO\.jdks\openjdk-19.0.1\bin\java.exe
0x00007ffbc1310000 - 0x00007ffbc1508000 	C:\Windows\SYSTEM32\ntdll.dll
0x00007ffb9c140000 - 0x00007ffb9c157000 	C:\Program Files\Avast Software\Avast\aswhook.dll
0x00007ffbc0c00000 - 0x00007ffbc0cbf000 	C:\Windows\System32\KERNEL32.DLL
0x00007ffbbee90000 - 0x00007ffbbf162000 	C:\Windows\System32\KERNELBASE.dll
0x00007ffbbf210000 - 0x00007ffbbf310000 	C:\Windows\System32\ucrtbase.dll
0x00007ffbb90e0000 - 0x00007ffbb90fb000 	C:\Users\EQUIPO\.jdks\openjdk-19.0.1\bin\VCRUNTIME140.dll
0x00007ffbb9150000 - 0x00007ffbb9167000 	C:\Users\EQUIPO\.jdks\openjdk-19.0.1\bin\jli.dll
0x00007ffbbfc20000 - 0x00007ffbbfdbd000 	C:\Windows\System32\USER32.dll
0x00007ffba6730000 - 0x00007ffba69ca000 	C:\Windows\WinSxS\amd64_microsoft.windows.common-controls_6595b64144ccf1df_6.0.19041.1110_none_60b5254171f9507e\COMCTL32.dll
0x00007ffbc0790000 - 0x00007ffbc082e000 	C:\Windows\System32\msvcrt.dll
0x00007ffbbff70000 - 0x00007ffbbff9b000 	C:\Windows\System32\GDI32.dll
0x00007ffbbed20000 - 0x00007ffbbed42000 	C:\Windows\System32\win32u.dll
0x00007ffbbec10000 - 0x00007ffbbed1f000 	C:\Windows\System32\gdi32full.dll
0x00007ffbbea10000 - 0x00007ffbbeaad000 	C:\Windows\System32\msvcp_win.dll
0x00007ffbbf360000 - 0x00007ffbbf392000 	C:\Windows\System32\IMM32.DLL
0x00007ffbba7d0000 - 0x00007ffbba7dc000 	C:\Users\EQUIPO\.jdks\openjdk-19.0.1\bin\vcruntime140_1.dll
0x00007ffb97d60000 - 0x00007ffb97dee000 	C:\Users\EQUIPO\.jdks\openjdk-19.0.1\bin\msvcp140.dll
0x00000200f03b0000 - 0x00000200f1070000 	C:\Users\EQUIPO\.jdks\openjdk-19.0.1\bin\server\jvm.dll
0x00007ffbc0a60000 - 0x00007ffbc0b0e000 	C:\Windows\System32\ADVAPI32.dll
0x00007ffbc0250000 - 0x00007ffbc02ec000 	C:\Windows\System32\sechost.dll
0x00007ffbc0000000 - 0x00007ffbc0125000 	C:\Windows\System32\RPCRT4.dll
0x00007ffbaf190000 - 0x00007ffbaf199000 	C:\Windows\SYSTEM32\WSOCK32.dll
0x00007ffbc1130000 - 0x00007ffbc119b000 	C:\Windows\System32\WS2_32.dll
0x00007ffba86e0000 - 0x00007ffba8707000 	C:\Windows\SYSTEM32\WINMM.dll
0x00007ffbb6230000 - 0x00007ffbb623a000 	C:\Windows\SYSTEM32\VERSION.dll
0x00007ffbbc8d0000 - 0x00007ffbbc8e2000 	C:\Windows\SYSTEM32\kernel.appcore.dll
0x00007ffbb9c80000 - 0x00007ffbb9c8a000 	C:\Users\EQUIPO\.jdks\openjdk-19.0.1\bin\jimage.dll
0x00007ffbb6340000 - 0x00007ffbb6524000 	C:\Windows\SYSTEM32\DBGHELP.DLL
0x00007ffbb6180000 - 0x00007ffbb61ac000 	C:\Windows\SYSTEM32\dbgcore.DLL
0x00007ffbbed50000 - 0x00007ffbbedd2000 	C:\Windows\System32\bcryptPrimitives.dll
0x00007ffbb90d0000 - 0x00007ffbb90de000 	C:\Users\EQUIPO\.jdks\openjdk-19.0.1\bin\instrument.dll
0x00007ffbb8ef0000 - 0x00007ffbb8f16000 	C:\Users\EQUIPO\.jdks\openjdk-19.0.1\bin\java.dll
0x00007ffb978e0000 - 0x00007ffb979b7000 	C:\Users\EQUIPO\.jdks\openjdk-19.0.1\bin\jsvml.dll
0x00007ffbbf450000 - 0x00007ffbbfb93000 	C:\Windows\System32\SHELL32.dll
0x00007ffbbcad0000 - 0x00007ffbbd262000 	C:\Windows\SYSTEM32\windows.storage.dll
0x00007ffbc0430000 - 0x00007ffbc0784000 	C:\Windows\System32\combase.dll
0x00007ffbbe390000 - 0x00007ffbbe3c0000 	C:\Windows\SYSTEM32\Wldp.dll
0x00007ffbc0830000 - 0x00007ffbc08dd000 	C:\Windows\System32\SHCORE.dll
0x00007ffbc0970000 - 0x00007ffbc09c5000 	C:\Windows\System32\shlwapi.dll
0x00007ffbbe950000 - 0x00007ffbbe96f000 	C:\Windows\SYSTEM32\profapi.dll
0x00007ffbb8d70000 - 0x00007ffbb8d88000 	C:\Users\EQUIPO\.jdks\openjdk-19.0.1\bin\zip.dll
0x00007ffbb8e30000 - 0x00007ffbb8e43000 	C:\Users\EQUIPO\.jdks\openjdk-19.0.1\bin\net.dll
0x00007ffbb7620000 - 0x00007ffbb772c000 	C:\Windows\SYSTEM32\WINHTTP.dll
0x00007ffbbe0f0000 - 0x00007ffbbe15a000 	C:\Windows\system32\mswsock.dll
0x00007ffbb8db0000 - 0x00007ffbb8dc6000 	C:\Users\EQUIPO\.jdks\openjdk-19.0.1\bin\nio.dll
0x00007ffbb8a80000 - 0x00007ffbb8a9a000 	C:\Program Files\JetBrains\IntelliJ IDEA Community Edition 2022.2.3\bin\breakgen64.dll
0x00007ffbb8a70000 - 0x00007ffbb8a78000 	C:\Users\EQUIPO\.jdks\openjdk-19.0.1\bin\extnet.dll
0x00007ffbb9550000 - 0x00007ffbb9560000 	C:\Users\EQUIPO\.jdks\openjdk-19.0.1\bin\verify.dll

dbghelp: loaded successfully - version: 4.0.5 - missing functions: none
symbol engine: initialized successfully - sym options: 0x614 - pdb path: .;C:\Users\EQUIPO\.jdks\openjdk-19.0.1\bin;C:\Windows\SYSTEM32;C:\Program Files\Avast Software\Avast;C:\Windows\WinSxS\amd64_microsoft.windows.common-controls_6595b64144ccf1df_6.0.19041.1110_none_60b5254171f9507e;C:\Users\EQUIPO\.jdks\openjdk-19.0.1\bin\server;C:\Program Files\JetBrains\IntelliJ IDEA Community Edition 2022.2.3\bin

VM Arguments:
jvm_args: -javaagent:C:\Program Files\JetBrains\IntelliJ IDEA Community Edition 2022.2.3\lib\idea_rt.jar=60785:C:\Program Files\JetBrains\IntelliJ IDEA Community Edition 2022.2.3\bin -Dfile.encoding=UTF-8 -Dsun.stdout.encoding=UTF-8 -Dsun.stderr.encoding=UTF-8 
java_command: com.upthemuscle.GymManagementApplication
java_class_path (initial): C:\Users\EQUIPO\Desktop\apigymmanager-main\target\classes;C:\Users\EQUIPO\.m2\repository\org\springframework\boot\spring-boot-starter-data-jpa\2.7.6\spring-boot-starter-data-jpa-2.7.6.jar;C:\Users\EQUIPO\.m2\repository\org\springframework\boot\spring-boot-starter-aop\2.7.6\spring-boot-starter-aop-2.7.6.jar;C:\Users\EQUIPO\.m2\repository\org\aspectj\aspectjweaver\1.9.7\aspectjweaver-1.9.7.jar;C:\Users\EQUIPO\.m2\repository\org\springframework\boot\spring-boot-starter-jdbc\2.7.6\spring-boot-starter-jdbc-2.7.6.jar;C:\Users\EQUIPO\.m2\repository\com\zaxxer\HikariCP\4.0.3\HikariCP-4.0.3.jar;C:\Users\EQUIPO\.m2\repository\org\springframework\spring-jdbc\5.3.24\spring-jdbc-5.3.24.jar;C:\Users\EQUIPO\.m2\repository\jakarta\transaction\jakarta.transaction-api\1.3.3\jakarta.transaction-api-1.3.3.jar;C:\Users\EQUIPO\.m2\repository\jakarta\persistence\jakarta.persistence-api\2.2.3\jakarta.persistence-api-2.2.3.jar;C:\Users\EQUIPO\.m2\repository\org\hibernate\hibernate-core\5.6.14.Final\hibernate-core-5.6.14.Final.jar;C:\Users\EQUIPO\.m2\repository\org\jboss\logging\jboss-logging\3.4.3.Final\jboss-logging-3.4.3.Final.jar;C:\Users\EQUIPO\.m2\repository\net\bytebuddy\byte-buddy\1.12.19\byte-buddy-1.12.19.jar;C:\Users\EQUIPO\.m2\repository\antlr\antlr\2.7.7\antlr-2.7.7.jar;C:\Users\EQUIPO\.m2\repository\org\jboss\jandex\2.4.2.Final\jandex-2.4.2.Final.jar;C:\Users\EQUIPO\.m2\repository\org\hibernate\common\hibernate-commons-annotations\5.1.2.Final\hibernate-commons-annotations-5.1.2.Final.jar;C:\Users\EQUIPO\.m2\repository\org\glassfish\jaxb\jaxb-runtime\2.3.7\jaxb-runtime-2.3.7.jar;C:\Users\EQUIPO\.m2\repository\org\glassfish\jaxb\txw2\2.3.7\txw2-2.3.7.jar;C:\Users\EQUIPO\.m2\repository\com\sun\istack\istack-commons-runtime\3.0.12\istack-commons-runtime-3.0.12.jar;C:\Users\EQUIPO\.m2\repository\org\springframework\data\spring-data-jpa\2.7.6\spring-data-jpa-2.7.6.jar;C:\Users\EQUIPO\.m2\repository\org\springframework\data\spring-data-commons\2.7.6\spring-data-commons-2.7.6.jar;C:\Users\EQUIPO\.m2\repository\org\springframework\spring-orm\5.3.24\spring-orm-5.3.24.jar;C:\Users\EQUIPO\.m2\repository\org\springframework\spring-context\5.3.24\spring-context-5.3.24.jar;C:\Users\EQUIPO\.m2\repository\org\springframework\spring-tx\5.3.24\spring-tx-5.3.24.jar;C:\Users\EQUIPO\.m2\repository\org\springframework\spring-beans\5.3.24\spring-beans-5.3.24.jar;C:\Users\EQUIPO\.m2\repository\org\springframework\spring-aspects\5.3.24\spring-aspects-5.3.24.jar;C:\Users\EQUIPO\.m2\repository\org\springframework\boot\spring-boot-starter-web\2.7.6\spring-boot-starter-web-2.7.6.jar;C:\Users\EQUIPO\.m2\repository\org\springframework\boot\spring-boot-starter\2.7.6\spring-boot-starter-2.7.6.jar;C:\Users\EQUIPO\.m2\repository\org\springframework\boot\spring-boot-starter-logging\2.7.6\spring-boot-starter-logging-2.7.6.jar;C:\Users\EQUIPO\.m2\repository\ch\qos\logback\logback-classic\1.2.11\logback-classic-1.2.11.jar;C:\Users\EQUIPO\.m2\repository\ch\qos\logback\logback-core\1.2.11\logback-core-1.2.11.jar;C:\Users\EQUIPO\.m2\repository\org\apache\logging\log4j\log4j-to-slf4j\2.17.2\log4j-to-slf4j-2.17.2.jar;C:\Users\EQUIPO\.m2\repository\org\apache\logging\log4j\log4j-api\2.17.2\log4j-api-2.17.2.jar;C:\Users\EQUIPO\.m2\repository\org\slf4j\jul-to-slf4j\1.7.36\jul-to-slf4j-1.7.36.jar;C:\Users\EQUIPO\.m2\repository\jakarta\annotation\jakarta.annotation-api\1.3.5\jakarta.annotation-api-1.3.5.jar;C:\Users\EQUIPO\.m2\repository\org\yaml\snakeyaml\1.30\snakeyaml-1.30.jar;C:\Users\EQUIPO\.m2\repository\org\springframework\boot\spring-boot-starter-json\2.7.6\spring-boot-starter-json-2.7.6.jar;C:\Users\EQUIPO\.m2\repository\com\fasterxml\jackson\datatype\jackson-datatype-jdk8\2.13.4\jackson-datatype-jdk8-2.13.4.jar;C:\Users\EQUIPO\.m2\repository\com\fasterxml\jackson\datatype\jackson-datatype-jsr310\2.13.4\jackson-datatype-jsr310-2.13.4.jar;C:\Users\EQUIPO\.m2\repository\com\fasterxml\jackson\module\jackson-module-parameter-names\2.13.4\jackson-module-parameter-names-2.13.4.jar;C:\Users\EQUIPO\.m2\repository\org\springframework\boot\spring-boot-starter-tomcat\2.7.6\spring-boot-starter-tomcat-2.7.6.jar;C:\Users\EQUIPO\.m2\repository\org\apache\tomcat\embed\tomcat-embed-core\9.0.69\tomcat-embed-core-9.0.69.jar;C:\Users\EQUIPO\.m2\repository\org\apache\tomcat\embed\tomcat-embed-el\9.0.69\tomcat-embed-el-9.0.69.jar;C:\Users\EQUIPO\.m2\repository\org\apache\tomcat\embed\tomcat-embed-websocket\9.0.69\tomcat-embed-websocket-9.0.69.jar;C:\Users\EQUIPO\.m2\repository\org\springframework\spring-web\5.3.24\spring-web-5.3.24.jar;C:\Users\EQUIPO\.m2\repository\org\springframework\spring-webmvc\5.3.24\spring-webmvc-5.3.24.jar;C:\Users\EQUIPO\.m2\repository\org\springframework\spring-expression\5.3.24\spring-expression-5.3.24.jar;C:\Users\EQUIPO\.m2\repository\jakarta\xml\bind\jakarta.xml.bind-api\2.3.3\jakarta.xml.bind-api-2.3.3.jar;C:\Users\EQUIPO\.m2\repository\jakarta\activation\jakarta.activation-api\1.2.2\jakarta.activation-api-1.2.2.jar;C:\Users\EQUIPO\.m2\repository\org\springframework\spring-core\5.3.24\spring-core-5.3.24.jar;C:\Users\EQUIPO\.m2\repository\org\springframework\spring-jcl\5.3.24\spring-jcl-5.3.24.jar;C:\Users\EQUIPO\.m2\repository\org\postgresql\postgresql\42.3.8\postgresql-42.3.8.jar;C:\Users\EQUIPO\.m2\repository\org\checkerframework\checker-qual\3.5.0\checker-qual-3.5.0.jar;C:\Users\EQUIPO\.m2\repository\com\mysql\mysql-connector-j\8.0.31\mysql-connector-j-8.0.31.jar;C:\Users\EQUIPO\.m2\repository\org\apache\commons\commons-lang3\3.9\commons-lang3-3.9.jar;C:\Users\EQUIPO\.m2\repository\org\springframework\boot\spring-boot-starter-security\2.7.6\spring-boot-starter-security-2.7.6.jar;C:\Users\EQUIPO\.m2\repository\org\springframework\spring-aop\5.3.24\spring-aop-5.3.24.jar;C:\Users\EQUIPO\.m2\repository\org\springframework\security\spring-security-config\5.7.5\spring-security-config-5.7.5.jar;C:\Users\EQUIPO\.m2\repository\org\springframework\security\spring-security-core\5.7.5\spring-security-core-5.7.5.jar;C:\Users\EQUIPO\.m2\repository\org\springframework\security\spring-security-crypto\5.7.5\spring-security-crypto-5.7.5.jar;C:\Users\EQUIPO\.m2\repository\org\springframework\security\spring-security-web\5.7.5\spring-security-web-5.7.5.jar;C:\Users\EQUIPO\.m2\repository\io\jsonwebtoken\jjwt\0.9.1\jjwt-0.9.1.jar;C:\Users\EQUIPO\.m2\repository\com\fasterxml\jackson\core\jackson-databind\2.13.4.2\jackson-databind-2.13.4.2.jar;C:\Users\EQUIPO\.m2\repository\com\fasterxml\jackson\core\jackson-annotations\2.13.4\jackson-annotations-2.13.4.jar;C:\Users\EQUIPO\.m2\repository\com\fasterxml\jackson\core\jackson-core\2.13.4\jackson-core-2.13.4.jar;C:\Users\EQUIPO\.m2\repository\com\nimbusds\nimbus-jose-jwt\9.0.1\nimbus-jose-jwt-9.0.1.jar;C:\Users\EQUIPO\.m2\repository\com\github\stephenc\jcip\jcip-annotations\1.0-1\jcip-annotations-1.0-1.jar;C:\Users\EQUIPO\.m2\repository\io\springfox\springfox-boot-starter\3.0.0\springfox-boot-starter-3.0.0.jar;C:\Users\EQUIPO\.m2\repository\io\springfox\springfox-oas\3.0.0\springfox-oas-3.0.0.jar;C:\Users\EQUIPO\.m2\repository\io\swagger\core\v3\swagger-annotations\2.1.2\swagger-annotations-2.1.2.jar;C:\Users\EQUIPO\.m2\repository\io\swagger\core\v3\swagger-models\2.1.2\swagger-models-2.1.2.jar;C:\Users\EQUIPO\.m2\repository\io\springfox\springfox-core\3.0.0\springfox-core-3.0.0.jar;C:\Users\EQUIPO\.m2\repository\io\springfox\springfox-data-rest\3.0.0\springfox-data-rest-3.0.0.jar;C:\Users\EQUIPO\.m2\repository\io\springfox\springfox-bean-validators\3.0.0\springfox-bean-validators-3.0.0.jar;C:\Users\EQUIPO\.m2\repository\com\fasterxml\classmate\1.5.1\classmate-1.5.1.jar;C:\Users\EQUIPO\.m2\repository\org\slf4j\slf4j-api\1.7.36\slf4j-api-1.7.36.jar;C:\Users\EQUIPO\.m2\repository\org\springframework\plugin\spring-plugin-core\2.0.0.RELEASE\spring-plugin-core-2.0.0.RELEASE.jar;C:\Users\EQUIPO\.m2\repository\org\springframework\plugin\spring-plugin-metadata\2.0.0.RELEASE\spring-plugin-metadata-2.0.0.RELEASE.jar;C:\Users\EQUIPO\.m2\repository\io\springfox\springfox-swagger2\3.0.0\springfox-swagger2-3.0.0.jar;C:\Users\EQUIPO\.m2\repository\io\springfox\springfox-spi\3.0.0\springfox-spi-3.0.0.jar;C:\Users\EQUIPO\.m2\repository\io\springfox\springfox-schema\3.0.0\springfox-schema-3.0.0.jar;C:\Users\EQUIPO\.m2\repository\io\springfox\springfox-swagger-common\3.0.0\springfox-swagger-common-3.0.0.jar;C:\Users\EQUIPO\.m2\repository\io\springfox\springfox-spring-web\3.0.0\springfox-spring-web-3.0.0.jar;C:\Users\EQUIPO\.m2\repository\io\github\classgraph\classgraph\4.8.83\classgraph-4.8.83.jar;C:\Users\EQUIPO\.m2\repository\io\springfox\springfox-spring-webmvc\3.0.0\springfox-spring-webmvc-3.0.0.jar;C:\Users\EQUIPO\.m2\repository\io\springfox\springfox-spring-webflux\3.0.0\springfox-spring-webflux-3.0.0.jar;C:\Users\EQUIPO\.m2\repository\io\swagger\swagger-annotations\1.5.20\swagger-annotations-1.5.20.jar;C:\Users\EQUIPO\.m2\repository\io\swagger\swagger-models\1.5.20\swagger-models-1.5.20.jar;C:\Users\EQUIPO\.m2\repository\org\mapstruct\mapstruct\1.3.1.Final\mapstruct-1.3.1.Final.jar;C:\Users\EQUIPO\.m2\repository\io\springfox\springfox-swagger-ui\3.0.0\springfox-swagger-ui-3.0.0.jar;C:\Users\EQUIPO\.m2\repository\org\springframework\boot\spring-boot-starter-mail\2.7.6\spring-boot-starter-mail-2.7.6.jar;C:\Users\EQUIPO\.m2\repository\org\springframework\spring-context-support\5.3.24\spring-context-support-5.3.24.jar;C:\Users\EQUIPO\.m2\repository\com\sun\mail\jakarta.mail\1.6.7\jakarta.mail-1.6.7.jar;C:\Users\EQUIPO\.m2\repository\com\sun\activation\jakarta.activation\1.2.2\jakarta.activation-1.2.2.jar;C:\Users\EQUIPO\.m2\repository\org\springframework\boot\spring-boot-starter-thymeleaf\2.7.6\spring-boot-starter-thymeleaf-2.7.6.jar;C:\Users\EQUIPO\.m2\repository\org\thymeleaf\thymeleaf-spring5\3.0.15.RELEASE\thymeleaf-spring5-3.0.15.RELEASE.jar;C:\Users\EQUIPO\.m2\repository\org\thymeleaf\thymeleaf\3.0.15.RELEASE\thymeleaf-3.0.15.RELEASE.jar;C:\Users\EQUIPO\.m2\repository\org\attoparser\attoparser\2.0.5.RELEASE\attoparser-2.0.5.RELEASE.jar;C:\Users\EQUIPO\.m2\repository\org\unbescape\unbescape\1.1.6.RELEASE\unbescape-1.1.6.RELEASE.jar;C:\Users\EQUIPO\.m2\repository\org\thymeleaf\extras\thymeleaf-extras-java8time\3.0.4.RELEASE\thymeleaf-extras-java8time-3.0.4.RELEASE.jar;C:\Users\EQUIPO\.m2\repository\org\springframework\boot\spring-boot-devtools\2.7.6\spring-boot-devtools-2.7.6.jar;C:\Users\EQUIPO\.m2\repository\org\springframework\boot\spring-boot\2.7.6\spring-boot-2.7.6.jar;C:\Users\EQUIPO\.m2\repository\org\springframework\boot\spring-boot-autoconfigure\2.7.6\spring-boot-autoconfigure-2.7.6.jar;C:\Users\EQUIPO\.m2\repository\javax\validation\validation-api\2.0.1.Final\validation-api-2.0.1.Final.jar;C:\Users\EQUIPO\.m2\repository\org\springframework\boot\spring-boot-starter-data-mongodb\2.7.6\spring-boot-starter-data-mongodb-2.7.6.jar;C:\Users\EQUIPO\.m2\repository\org\mongodb\mongodb-driver-sync\4.6.1\mongodb-driver-sync-4.6.1.jar;C:\Users\EQUIPO\.m2\repository\org\mongodb\bson\4.6.1\bson-4.6.1.jar;C:\Users\EQUIPO\.m2\repository\org\mongodb\mongodb-driver-core\4.6.1\mongodb-driver-core-4.6.1.jar;C:\Users\EQUIPO\.m2\repository\org\mongodb\bson-record-codec\4.6.1\bson-record-codec-4.6.1.jar;C:\Users\EQUIPO\.m2\repository\org\springframework\data\spring-data-mongodb\3.4.6\spring-data-mongodb-3.4.6.jar
Launcher Type: SUN_STANDARD

[Global flags]
     intx CICompilerCount                          = 4                                         {product} {ergonomic}
     uint ConcGCThreads                            = 2                                         {product} {ergonomic}
     uint G1ConcRefinementThreads                  = 8                                         {product} {ergonomic}
   size_t G1HeapRegionSize                         = 1048576                                   {product} {ergonomic}
    uintx GCDrainStackTargetSize                   = 64                                        {product} {ergonomic}
   size_t InitialHeapSize                          = 100663296                                 {product} {ergonomic}
   size_t MarkStackSize                            = 4194304                                   {product} {ergonomic}
   size_t MaxHeapSize                              = 1581252608                                {product} {ergonomic}
   size_t MaxNewSize                               = 947912704                                 {product} {ergonomic}
   size_t MinHeapDeltaBytes                        = 1048576                                   {product} {ergonomic}
   size_t MinHeapSize                              = 8388608                                   {product} {ergonomic}
    uintx NonNMethodCodeHeapSize                   = 5839372                                {pd product} {ergonomic}
    uintx NonProfiledCodeHeapSize                  = 122909434                              {pd product} {ergonomic}
    uintx ProfiledCodeHeapSize                     = 122909434                              {pd product} {ergonomic}
    uintx ReservedCodeCacheSize                    = 251658240                              {pd product} {ergonomic}
     bool SegmentedCodeCache                       = true                                      {product} {ergonomic}
   size_t SoftMaxHeapSize                          = 1581252608                             {manageable} {ergonomic}
     bool UseCompressedClassPointers               = true                           {product lp64_product} {ergonomic}
     bool UseCompressedOops                        = true                           {product lp64_product} {ergonomic}
     bool UseG1GC                                  = true                                      {product} {ergonomic}
     bool UseLargePagesIndividualAllocation        = false                                  {pd product} {ergonomic}

Logging:
Log output configuration:
 #0: stdout all=warning uptime,level,tags foldmultilines=false
 #1: stderr all=off uptime,level,tags foldmultilines=false

Environment Variables:
JAVA_HOME=C:\Program Files\Java\jdk-18
PATH=C:\Program Files\Common Files\Oracle\Java\javapath;C:\Program Files\Python310\Scripts\;C:\Program Files\Python310\;C:\Windows\system32;C:\Windows;C:\Windows\System32\Wbem;C:\Windows\System32\WindowsPowerShell\v1.0\;C:\Windows\System32\OpenSSH\;C:\Program Files\nodejs\;C:\Program Files\Git\cmd;C:\ProgramData\chocolatey\bin;C:\Program Files\Java\jdk-18\bin;C:\Users\EQUIPO\AppData\Local\Microsoft\WindowsApps;C:\Users\EQUIPO\AppData\Local\Programs\Microsoft VS Code\bin;C:\Users\EQUIPO\AppData\Roaming\npm;C:\Users\EQUIPO\AppData\Local\atom\bin;C:\Program Files\PostgreSQL\15\bin;
USERNAME=EQUIPO
OS=Windows_NT
PROCESSOR_IDENTIFIER=AMD64 Family 23 Model 24 Stepping 1, AuthenticAMD
TMP=C:\Users\EQUIPO\AppData\Local\Temp
TEMP=C:\Users\EQUIPO\AppData\Local\Temp



---------------  S Y S T E M  ---------------

OS:
 Windows 10 , 64 bit Build 19041 (10.0.19041.2251)
OS uptime: 8 days 16:32 hours

CPU: total 8 (initial active 8) (8 cores per cpu, 2 threads per core) family 23 model 24 stepping 1 microcode 0x0, cx8, cmov, fxsr, ht, mmx, 3dnowpref, sse, sse2, sse3, ssse3, sse4a, sse4.1, sse4.2, popcnt, lzcnt, tsc, tscinvbit, avx, avx2, aes, clmul, bmi1, bmi2, adx, sha, fma, vzeroupper, clflush, clflushopt, rdtscp

Memory: 4k page, system-wide physical 6030M (142M free)
TotalPageFile size 24462M (AvailPageFile size 0M)
current process WorkingSet (physical memory assigned to process): 66M, peak: 66M
current process commit charge ("private bytes"): 196M, peak: 196M

vm_info: OpenJDK 64-Bit Server VM (19.0.1+10-21) for windows-amd64 JRE (19.0.1+10-21), built on 2022-09-14T12:45:06Z by "mach5one" with MS VC++ 17.1 (VS2022)

END.
